{
  "stats": {
    "suites": 1,
    "tests": 2,
    "passes": 2,
    "pending": 0,
    "failures": 0,
    "start": "2026-03-05T17:01:29.478Z",
    "end": "2026-03-05T17:01:31.349Z",
    "duration": 1871,
    "testsRegistered": 2,
    "passPercent": 100,
    "pendingPercent": 0,
    "other": 0,
    "hasOther": false,
    "skipped": 0,
    "hasSkipped": false
  },
  "results": [
    {
      "uuid": "5d90fa95-5f83-427c-a2af-acca525f5ef1",
      "title": "",
      "fullFile": "cypress/e2e/login.cy.js",
      "file": "cypress/e2e/login.cy.js",
      "beforeHooks": [],
      "afterHooks": [],
      "tests": [],
      "suites": [
        {
          "uuid": "f4e5ec42-198f-44d6-8270-0edf82b330ab",
          "title": "Login - POM",
          "fullFile": "",
          "file": "",
          "beforeHooks": [],
          "afterHooks": [],
          "tests": [
            {
              "title": "logs in successfully",
              "fullTitle": "Login - POM logs in successfully",
              "timedOut": null,
              "duration": 1063,
              "state": "passed",
              "speed": "fast",
              "pass": true,
              "fail": false,
              "pending": false,
              "context": null,
              "code": "login.loginAs(\"standard\");\ninventory.assertOnInventory();",
              "err": {},
              "uuid": "dad06d91-ac09-4eee-a5c7-b326e8a77bb1",
              "parentUUID": "f4e5ec42-198f-44d6-8270-0edf82b330ab",
              "isHook": false,
              "skipped": false
            },
            {
              "title": "shows error for invalid credentials",
              "fullTitle": "Login - POM shows error for invalid credentials",
              "timedOut": null,
              "duration": 758,
              "state": "passed",
              "speed": "fast",
              "pass": true,
              "fail": false,
              "pending": false,
              "context": null,
              "code": "login.loginWith(\"wrong\", \"wrong\");\nlogin.assertErrorContains(\"Username and password do not match\");",
              "err": {},
              "uuid": "5bb34c6a-a719-4993-9802-9836d2073d91",
              "parentUUID": "f4e5ec42-198f-44d6-8270-0edf82b330ab",
              "isHook": false,
              "skipped": false
            }
          ],
          "suites": [],
          "passes": [
            "dad06d91-ac09-4eee-a5c7-b326e8a77bb1",
            "5bb34c6a-a719-4993-9802-9836d2073d91"
          ],
          "failures": [],
          "pending": [],
          "skipped": [],
          "duration": 1821,
          "root": false,
          "rootEmpty": false,
          "_timeout": 2000
        }
      ],
      "passes": [],
      "failures": [],
      "pending": [],
      "skipped": [],
      "duration": 0,
      "root": true,
      "rootEmpty": true,
      "_timeout": 2000
    }
  ],
  "meta": {
    "mocha": {
      "version": "7.2.0"
    },
    "mochawesome": {
      "options": {
        "quiet": false,
        "reportFilename": "mochawesome",
        "saveHtml": false,
        "saveJson": true,
        "consoleReporter": "spec",
        "useInlineDiffs": false,
        "code": true
      },
      "version": "7.1.4"
    },
    "marge": {
      "options": {
        "reportDir": "cypress/reports/mochawesome",
        "overwrite": false,
        "html": false,
        "json": true,
        "charts": true,
        "reportPageTitle": "Cypress Test Report",
        "embeddedScreenshots": true,
        "inlineAssets": true
      },
      "version": "6.3.2"
    }
  }
}