{
  "stats": {
    "suites": 1,
    "tests": 2,
    "passes": 2,
    "pending": 0,
    "failures": 0,
    "start": "2026-03-05T17:01:39.194Z",
    "end": "2026-03-05T17:01:41.554Z",
    "duration": 2360,
    "testsRegistered": 2,
    "passPercent": 100,
    "pendingPercent": 0,
    "other": 0,
    "hasOther": false,
    "skipped": 0,
    "hasSkipped": false
  },
  "results": [
    {
      "uuid": "9fd1d12c-f539-4ae1-8a67-5454070b3386",
      "title": "",
      "fullFile": "cypress/e2e/sorting.cy.js",
      "file": "cypress/e2e/sorting.cy.js",
      "beforeHooks": [],
      "afterHooks": [],
      "tests": [],
      "suites": [
        {
          "uuid": "22c3dcb5-1112-4bd4-ab06-1d94137891c3",
          "title": "Sorting - POM",
          "fullFile": "",
          "file": "",
          "beforeHooks": [],
          "afterHooks": [],
          "tests": [
            {
              "title": "sorts items A to Z",
              "fullTitle": "Sorting - POM sorts items A to Z",
              "timedOut": null,
              "duration": 1209,
              "state": "passed",
              "speed": "fast",
              "pass": true,
              "fail": false,
              "pending": false,
              "context": null,
              "code": "inventory.sortBy(\"az\");\ninventory.assertNamesSortedAZ();",
              "err": {},
              "uuid": "524351dd-163f-44ce-86d5-1d470c0f6390",
              "parentUUID": "22c3dcb5-1112-4bd4-ab06-1d94137891c3",
              "isHook": false,
              "skipped": false
            },
            {
              "title": "sorts items Z to A",
              "fullTitle": "Sorting - POM sorts items Z to A",
              "timedOut": null,
              "duration": 1096,
              "state": "passed",
              "speed": "fast",
              "pass": true,
              "fail": false,
              "pending": false,
              "context": null,
              "code": "inventory.sortBy(\"za\");\ninventory.assertNamesSortedZA();",
              "err": {},
              "uuid": "36134fa8-9b62-4b9b-bba1-1f108b5c9131",
              "parentUUID": "22c3dcb5-1112-4bd4-ab06-1d94137891c3",
              "isHook": false,
              "skipped": false
            }
          ],
          "suites": [],
          "passes": [
            "524351dd-163f-44ce-86d5-1d470c0f6390",
            "36134fa8-9b62-4b9b-bba1-1f108b5c9131"
          ],
          "failures": [],
          "pending": [],
          "skipped": [],
          "duration": 2305,
          "root": false,
          "rootEmpty": false,
          "_timeout": 2000
        }
      ],
      "passes": [],
      "failures": [],
      "pending": [],
      "skipped": [],
      "duration": 0,
      "root": true,
      "rootEmpty": true,
      "_timeout": 2000
    }
  ],
  "meta": {
    "mocha": {
      "version": "7.2.0"
    },
    "mochawesome": {
      "options": {
        "quiet": false,
        "reportFilename": "mochawesome",
        "saveHtml": false,
        "saveJson": true,
        "consoleReporter": "spec",
        "useInlineDiffs": false,
        "code": true
      },
      "version": "7.1.4"
    },
    "marge": {
      "options": {
        "reportDir": "cypress/reports/mochawesome",
        "overwrite": false,
        "html": false,
        "json": true,
        "charts": true,
        "reportPageTitle": "Cypress Test Report",
        "embeddedScreenshots": true,
        "inlineAssets": true
      },
      "version": "6.3.2"
    }
  }
}