{
  "stats": {
    "suites": 1,
    "tests": 1,
    "passes": 1,
    "pending": 0,
    "failures": 0,
    "start": "2026-03-05T17:01:16.914Z",
    "end": "2026-03-05T17:01:18.228Z",
    "duration": 1314,
    "testsRegistered": 1,
    "passPercent": 100,
    "pendingPercent": 0,
    "other": 0,
    "hasOther": false,
    "skipped": 0,
    "hasSkipped": false
  },
  "results": [
    {
      "uuid": "d2d5f36f-3b71-4cbf-af21-06a74991782d",
      "title": "",
      "fullFile": "cypress/e2e/cart.cy.js",
      "file": "cypress/e2e/cart.cy.js",
      "beforeHooks": [],
      "afterHooks": [],
      "tests": [],
      "suites": [
        {
          "uuid": "a8a001ca-c9a6-477a-a711-533ac1dee272",
          "title": "Cart - POM",
          "fullFile": "",
          "file": "",
          "beforeHooks": [],
          "afterHooks": [],
          "tests": [
            {
              "title": "adds multiple items and verifies cart",
              "fullTitle": "Cart - POM adds multiple items and verifies cart",
              "timedOut": null,
              "duration": 1288,
              "state": "passed",
              "speed": "fast",
              "pass": true,
              "fail": false,
              "pending": false,
              "context": null,
              "code": "inventory.addItem(\"Sauce Labs Backpack\");\ninventory.addItem(\"Sauce Labs Bike Light\");\ninventory.assertCartBadge(2);\ninventory.openCart();\ncart.assertItemsCount(2);",
              "err": {},
              "uuid": "c1ed70b4-bebd-4faf-a6c6-847f956be6cc",
              "parentUUID": "a8a001ca-c9a6-477a-a711-533ac1dee272",
              "isHook": false,
              "skipped": false
            }
          ],
          "suites": [],
          "passes": [
            "c1ed70b4-bebd-4faf-a6c6-847f956be6cc"
          ],
          "failures": [],
          "pending": [],
          "skipped": [],
          "duration": 1288,
          "root": false,
          "rootEmpty": false,
          "_timeout": 2000
        }
      ],
      "passes": [],
      "failures": [],
      "pending": [],
      "skipped": [],
      "duration": 0,
      "root": true,
      "rootEmpty": true,
      "_timeout": 2000
    }
  ],
  "meta": {
    "mocha": {
      "version": "7.2.0"
    },
    "mochawesome": {
      "options": {
        "quiet": false,
        "reportFilename": "mochawesome",
        "saveHtml": false,
        "saveJson": true,
        "consoleReporter": "spec",
        "useInlineDiffs": false,
        "code": true
      },
      "version": "7.1.4"
    },
    "marge": {
      "options": {
        "reportDir": "cypress/reports/mochawesome",
        "overwrite": false,
        "html": false,
        "json": true,
        "charts": true,
        "reportPageTitle": "Cypress Test Report",
        "embeddedScreenshots": true,
        "inlineAssets": true
      },
      "version": "6.3.2"
    }
  }
}