{
  "stats": {
    "suites": 1,
    "tests": 2,
    "passes": 2,
    "pending": 0,
    "failures": 0,
    "start": "2026-03-05T16:40:05.667Z",
    "end": "2026-03-05T16:40:07.883Z",
    "duration": 2216,
    "testsRegistered": 2,
    "passPercent": 100,
    "pendingPercent": 0,
    "other": 0,
    "hasOther": false,
    "skipped": 0,
    "hasSkipped": false
  },
  "results": [
    {
      "uuid": "58eb231b-cc75-4678-829c-8397dd0101e4",
      "title": "",
      "fullFile": "cypress/e2e/sorting.cy.js",
      "file": "cypress/e2e/sorting.cy.js",
      "beforeHooks": [],
      "afterHooks": [],
      "tests": [],
      "suites": [
        {
          "uuid": "a978ea08-8b4e-4d19-bf51-d87966a39ad7",
          "title": "Sorting - POM",
          "fullFile": "",
          "file": "",
          "beforeHooks": [],
          "afterHooks": [],
          "tests": [
            {
              "title": "sorts items A to Z",
              "fullTitle": "Sorting - POM sorts items A to Z",
              "timedOut": null,
              "duration": 1115,
              "state": "passed",
              "speed": "fast",
              "pass": true,
              "fail": false,
              "pending": false,
              "context": null,
              "code": "inventory.sortBy(\"az\");\ninventory.assertNamesSortedAZ();",
              "err": {},
              "uuid": "62ee56ca-230f-490d-944a-3a565c64afcd",
              "parentUUID": "a978ea08-8b4e-4d19-bf51-d87966a39ad7",
              "isHook": false,
              "skipped": false
            },
            {
              "title": "sorts items Z to A",
              "fullTitle": "Sorting - POM sorts items Z to A",
              "timedOut": null,
              "duration": 1050,
              "state": "passed",
              "speed": "fast",
              "pass": true,
              "fail": false,
              "pending": false,
              "context": null,
              "code": "inventory.sortBy(\"za\");\ninventory.assertNamesSortedZA();",
              "err": {},
              "uuid": "9a4594f4-bd96-47c8-82de-3af1b90c0228",
              "parentUUID": "a978ea08-8b4e-4d19-bf51-d87966a39ad7",
              "isHook": false,
              "skipped": false
            }
          ],
          "suites": [],
          "passes": [
            "62ee56ca-230f-490d-944a-3a565c64afcd",
            "9a4594f4-bd96-47c8-82de-3af1b90c0228"
          ],
          "failures": [],
          "pending": [],
          "skipped": [],
          "duration": 2165,
          "root": false,
          "rootEmpty": false,
          "_timeout": 2000
        }
      ],
      "passes": [],
      "failures": [],
      "pending": [],
      "skipped": [],
      "duration": 0,
      "root": true,
      "rootEmpty": true,
      "_timeout": 2000
    }
  ],
  "meta": {
    "mocha": {
      "version": "7.2.0"
    },
    "mochawesome": {
      "options": {
        "quiet": false,
        "reportFilename": "mochawesome",
        "saveHtml": false,
        "saveJson": true,
        "consoleReporter": "spec",
        "useInlineDiffs": false,
        "code": true
      },
      "version": "7.1.4"
    },
    "marge": {
      "options": {
        "reportDir": "cypress/reports/mochawesome",
        "overwrite": false,
        "html": false,
        "json": true,
        "charts": true,
        "reportPageTitle": "Cypress Test Report",
        "embeddedScreenshots": true,
        "inlineAssets": true
      },
      "version": "6.3.2"
    }
  }
}