{
  "stats": {
    "suites": 1,
    "tests": 2,
    "passes": 2,
    "pending": 0,
    "failures": 0,
    "start": "2026-03-16T23:51:40.287Z",
    "end": "2026-03-16T23:51:42.782Z",
    "duration": 2495,
    "testsRegistered": 2,
    "passPercent": 100,
    "pendingPercent": 0,
    "other": 0,
    "hasOther": false,
    "skipped": 0,
    "hasSkipped": false
  },
  "results": [
    {
      "uuid": "33c65cde-fd22-4389-8715-93269b6ee3e5",
      "title": "",
      "fullFile": "cypress/e2e/inventory.cy.js",
      "file": "cypress/e2e/inventory.cy.js",
      "beforeHooks": [],
      "afterHooks": [],
      "tests": [],
      "suites": [
        {
          "uuid": "23e57646-30a6-4fcd-903e-edca3ff7ca06",
          "title": "Inventory - POM",
          "fullFile": "",
          "file": "",
          "beforeHooks": [],
          "afterHooks": [],
          "tests": [
            {
              "title": "adds item and shows badge",
              "fullTitle": "Inventory - POM adds item and shows badge",
              "timedOut": null,
              "duration": 1089,
              "state": "passed",
              "speed": "fast",
              "pass": true,
              "fail": false,
              "pending": false,
              "context": null,
              "code": "inventory.addItem(\"Sauce Labs Backpack\");\ninventory.assertCartBadge(1);",
              "err": {},
              "uuid": "2c5785fb-b3a2-483e-b9ca-3a14c83be6fc",
              "parentUUID": "23e57646-30a6-4fcd-903e-edca3ff7ca06",
              "isHook": false,
              "skipped": false
            },
            {
              "title": "logs out successfully",
              "fullTitle": "Inventory - POM logs out successfully",
              "timedOut": null,
              "duration": 1363,
              "state": "passed",
              "speed": "fast",
              "pass": true,
              "fail": false,
              "pending": false,
              "context": null,
              "code": "inventory.logout();\nlogin.assertOnLoginPage();",
              "err": {},
              "uuid": "aa94f8ed-eff8-4f05-9d95-b2b9e47174b5",
              "parentUUID": "23e57646-30a6-4fcd-903e-edca3ff7ca06",
              "isHook": false,
              "skipped": false
            }
          ],
          "suites": [],
          "passes": [
            "2c5785fb-b3a2-483e-b9ca-3a14c83be6fc",
            "aa94f8ed-eff8-4f05-9d95-b2b9e47174b5"
          ],
          "failures": [],
          "pending": [],
          "skipped": [],
          "duration": 2452,
          "root": false,
          "rootEmpty": false,
          "_timeout": 2000
        }
      ],
      "passes": [],
      "failures": [],
      "pending": [],
      "skipped": [],
      "duration": 0,
      "root": true,
      "rootEmpty": true,
      "_timeout": 2000
    }
  ],
  "meta": {
    "mocha": {
      "version": "7.2.0"
    },
    "mochawesome": {
      "options": {
        "quiet": false,
        "reportFilename": "mochawesome",
        "saveHtml": false,
        "saveJson": true,
        "consoleReporter": "spec",
        "useInlineDiffs": false,
        "code": true
      },
      "version": "7.1.4"
    },
    "marge": {
      "options": {
        "reportDir": "cypress/reports/mochawesome",
        "overwrite": false,
        "html": false,
        "json": true,
        "charts": true,
        "reportPageTitle": "Cypress Test Report",
        "embeddedScreenshots": true,
        "inlineAssets": true
      },
      "version": "6.3.2"
    }
  }
}