{
  "stats": {
    "suites": 1,
    "tests": 2,
    "passes": 2,
    "pending": 0,
    "failures": 0,
    "start": "2026-03-25T22:51:32.602Z",
    "end": "2026-03-25T22:51:34.484Z",
    "duration": 1882,
    "testsRegistered": 2,
    "passPercent": 100,
    "pendingPercent": 0,
    "other": 0,
    "hasOther": false,
    "skipped": 0,
    "hasSkipped": false
  },
  "results": [
    {
      "uuid": "5929aff8-a61f-4e4e-96e0-e96326bacfcc",
      "title": "",
      "fullFile": "cypress/e2e/login.cy.js",
      "file": "cypress/e2e/login.cy.js",
      "beforeHooks": [],
      "afterHooks": [],
      "tests": [],
      "suites": [
        {
          "uuid": "1b264cb7-c631-4936-ab3e-bab7bd5787e7",
          "title": "Login - POM",
          "fullFile": "",
          "file": "",
          "beforeHooks": [],
          "afterHooks": [],
          "tests": [
            {
              "title": "logs in successfully",
              "fullTitle": "Login - POM logs in successfully",
              "timedOut": null,
              "duration": 1080,
              "state": "passed",
              "speed": "fast",
              "pass": true,
              "fail": false,
              "pending": false,
              "context": null,
              "code": "login.loginAs(\"standard\");\ninventory.assertOnInventory();",
              "err": {},
              "uuid": "646a1aa8-4314-469f-b110-72e810a3c38d",
              "parentUUID": "1b264cb7-c631-4936-ab3e-bab7bd5787e7",
              "isHook": false,
              "skipped": false
            },
            {
              "title": "shows error for invalid credentials",
              "fullTitle": "Login - POM shows error for invalid credentials",
              "timedOut": null,
              "duration": 750,
              "state": "passed",
              "speed": "fast",
              "pass": true,
              "fail": false,
              "pending": false,
              "context": null,
              "code": "login.loginWith(\"wrong\", \"wrong\");\nlogin.assertErrorContains(\"Username and password do not match\");",
              "err": {},
              "uuid": "cf19011c-acfb-428a-9029-cf294038f22d",
              "parentUUID": "1b264cb7-c631-4936-ab3e-bab7bd5787e7",
              "isHook": false,
              "skipped": false
            }
          ],
          "suites": [],
          "passes": [
            "646a1aa8-4314-469f-b110-72e810a3c38d",
            "cf19011c-acfb-428a-9029-cf294038f22d"
          ],
          "failures": [],
          "pending": [],
          "skipped": [],
          "duration": 1830,
          "root": false,
          "rootEmpty": false,
          "_timeout": 2000
        }
      ],
      "passes": [],
      "failures": [],
      "pending": [],
      "skipped": [],
      "duration": 0,
      "root": true,
      "rootEmpty": true,
      "_timeout": 2000
    }
  ],
  "meta": {
    "mocha": {
      "version": "7.2.0"
    },
    "mochawesome": {
      "options": {
        "quiet": false,
        "reportFilename": "mochawesome",
        "saveHtml": false,
        "saveJson": true,
        "consoleReporter": "spec",
        "useInlineDiffs": false,
        "code": true
      },
      "version": "7.1.4"
    },
    "marge": {
      "options": {
        "reportDir": "cypress/reports/mochawesome",
        "overwrite": false,
        "html": false,
        "json": true,
        "charts": true,
        "reportPageTitle": "Cypress Test Report",
        "embeddedScreenshots": true,
        "inlineAssets": true
      },
      "version": "6.3.2"
    }
  }
}