{
  "stats": {
    "suites": 1,
    "tests": 2,
    "passes": 2,
    "pending": 0,
    "failures": 0,
    "start": "2026-03-16T23:42:29.982Z",
    "end": "2026-03-16T23:42:32.119Z",
    "duration": 2137,
    "testsRegistered": 2,
    "passPercent": 100,
    "pendingPercent": 0,
    "other": 0,
    "hasOther": false,
    "skipped": 0,
    "hasSkipped": false
  },
  "results": [
    {
      "uuid": "2c4dfbc8-f829-4ef4-ae0d-be64e37bc91a",
      "title": "",
      "fullFile": "cypress/e2e/sorting.cy.js",
      "file": "cypress/e2e/sorting.cy.js",
      "beforeHooks": [],
      "afterHooks": [],
      "tests": [],
      "suites": [
        {
          "uuid": "8598f6ce-2866-4023-827f-9369098c7f0a",
          "title": "Sorting - POM",
          "fullFile": "",
          "file": "",
          "beforeHooks": [],
          "afterHooks": [],
          "tests": [
            {
              "title": "sorts items A to Z",
              "fullTitle": "Sorting - POM sorts items A to Z",
              "timedOut": null,
              "duration": 1101,
              "state": "passed",
              "speed": "fast",
              "pass": true,
              "fail": false,
              "pending": false,
              "context": null,
              "code": "inventory.sortBy(\"az\");\ninventory.assertNamesSortedAZ();",
              "err": {},
              "uuid": "e3aebc9c-ff77-4269-aa46-02365c50eace",
              "parentUUID": "8598f6ce-2866-4023-827f-9369098c7f0a",
              "isHook": false,
              "skipped": false
            },
            {
              "title": "sorts items Z to A",
              "fullTitle": "Sorting - POM sorts items Z to A",
              "timedOut": null,
              "duration": 994,
              "state": "passed",
              "speed": "fast",
              "pass": true,
              "fail": false,
              "pending": false,
              "context": null,
              "code": "inventory.sortBy(\"za\");\ninventory.assertNamesSortedZA();",
              "err": {},
              "uuid": "e337c946-cb42-4297-bfbc-97ac5645c2c7",
              "parentUUID": "8598f6ce-2866-4023-827f-9369098c7f0a",
              "isHook": false,
              "skipped": false
            }
          ],
          "suites": [],
          "passes": [
            "e3aebc9c-ff77-4269-aa46-02365c50eace",
            "e337c946-cb42-4297-bfbc-97ac5645c2c7"
          ],
          "failures": [],
          "pending": [],
          "skipped": [],
          "duration": 2095,
          "root": false,
          "rootEmpty": false,
          "_timeout": 2000
        }
      ],
      "passes": [],
      "failures": [],
      "pending": [],
      "skipped": [],
      "duration": 0,
      "root": true,
      "rootEmpty": true,
      "_timeout": 2000
    }
  ],
  "meta": {
    "mocha": {
      "version": "7.2.0"
    },
    "mochawesome": {
      "options": {
        "quiet": false,
        "reportFilename": "mochawesome",
        "saveHtml": false,
        "saveJson": true,
        "consoleReporter": "spec",
        "useInlineDiffs": false,
        "code": true
      },
      "version": "7.1.4"
    },
    "marge": {
      "options": {
        "reportDir": "cypress/reports/mochawesome",
        "overwrite": false,
        "html": false,
        "json": true,
        "charts": true,
        "reportPageTitle": "Cypress Test Report",
        "embeddedScreenshots": true,
        "inlineAssets": true
      },
      "version": "6.3.2"
    }
  }
}