{
  "stats": {
    "suites": 1,
    "tests": 1,
    "passes": 1,
    "pending": 0,
    "failures": 0,
    "start": "2026-03-25T22:51:23.084Z",
    "end": "2026-03-25T22:51:25.307Z",
    "duration": 2223,
    "testsRegistered": 1,
    "passPercent": 100,
    "pendingPercent": 0,
    "other": 0,
    "hasOther": false,
    "skipped": 0,
    "hasSkipped": false
  },
  "results": [
    {
      "uuid": "734e5353-1605-4975-9945-d6e2fbf14d4a",
      "title": "",
      "fullFile": "cypress/e2e/checkout.cy.js",
      "file": "cypress/e2e/checkout.cy.js",
      "beforeHooks": [],
      "afterHooks": [],
      "tests": [],
      "suites": [
        {
          "uuid": "d3c4815d-40ca-42f0-952c-fdc3f8081085",
          "title": "Checkout - POM",
          "fullFile": "",
          "file": "",
          "beforeHooks": [],
          "afterHooks": [],
          "tests": [
            {
              "title": "completes checkout flow",
              "fullTitle": "Checkout - POM completes checkout flow",
              "timedOut": null,
              "duration": 2194,
              "state": "passed",
              "speed": "fast",
              "pass": true,
              "fail": false,
              "pending": false,
              "context": null,
              "code": "inventory.addItem(\"Sauce Labs Backpack\");\ninventory.openCart();\ncart.checkout();\ncheckout.fillInfo({\n  firstName: \"Test\",\n  lastName: \"User\",\n  zip: \"60601\"\n});\ncheckout.continue();\ncheckout.finish();\ncheckout.assertOrderComplete();",
              "err": {},
              "uuid": "d81ccab1-f688-47d0-aca2-25f09757b559",
              "parentUUID": "d3c4815d-40ca-42f0-952c-fdc3f8081085",
              "isHook": false,
              "skipped": false
            }
          ],
          "suites": [],
          "passes": [
            "d81ccab1-f688-47d0-aca2-25f09757b559"
          ],
          "failures": [],
          "pending": [],
          "skipped": [],
          "duration": 2194,
          "root": false,
          "rootEmpty": false,
          "_timeout": 2000
        }
      ],
      "passes": [],
      "failures": [],
      "pending": [],
      "skipped": [],
      "duration": 0,
      "root": true,
      "rootEmpty": true,
      "_timeout": 2000
    }
  ],
  "meta": {
    "mocha": {
      "version": "7.2.0"
    },
    "mochawesome": {
      "options": {
        "quiet": false,
        "reportFilename": "mochawesome",
        "saveHtml": false,
        "saveJson": true,
        "consoleReporter": "spec",
        "useInlineDiffs": false,
        "code": true
      },
      "version": "7.1.4"
    },
    "marge": {
      "options": {
        "reportDir": "cypress/reports/mochawesome",
        "overwrite": false,
        "html": false,
        "json": true,
        "charts": true,
        "reportPageTitle": "Cypress Test Report",
        "embeddedScreenshots": true,
        "inlineAssets": true
      },
      "version": "6.3.2"
    }
  }
}