{
  "stats": {
    "suites": 1,
    "tests": 3,
    "passes": 3,
    "pending": 0,
    "failures": 0,
    "start": "2026-03-16T23:51:03.236Z",
    "end": "2026-03-16T23:51:06.358Z",
    "duration": 3122,
    "testsRegistered": 3,
    "passPercent": 100,
    "pendingPercent": 0,
    "other": 0,
    "hasOther": false,
    "skipped": 0,
    "hasSkipped": false
  },
  "results": [
    {
      "uuid": "68a626fb-9d21-4b54-a52d-461f9aec5a72",
      "title": "",
      "fullFile": "cypress/e2e/navigation.cy.js",
      "file": "cypress/e2e/navigation.cy.js",
      "beforeHooks": [],
      "afterHooks": [],
      "tests": [],
      "suites": [
        {
          "uuid": "c436bdc1-f4bb-44c3-bea1-bdad9301bb39",
          "title": "Navigation - POM",
          "fullFile": "",
          "file": "",
          "beforeHooks": [],
          "afterHooks": [],
          "tests": [
            {
              "title": "navigates to cart and verifies cart page loads",
              "fullTitle": "Navigation - POM navigates to cart and verifies cart page loads",
              "timedOut": null,
              "duration": 1070,
              "state": "passed",
              "speed": "fast",
              "pass": true,
              "fail": false,
              "pending": false,
              "context": null,
              "code": "inventory.openCart();\ncart.assertOnCartPage();",
              "err": {},
              "uuid": "a3d1bb83-3890-4a3a-b418-11667c6f9490",
              "parentUUID": "c436bdc1-f4bb-44c3-bea1-bdad9301bb39",
              "isHook": false,
              "skipped": false
            },
            {
              "title": "adds item -> goes to cart -> sees it in cart",
              "fullTitle": "Navigation - POM adds item -> goes to cart -> sees it in cart",
              "timedOut": null,
              "duration": 1036,
              "state": "passed",
              "speed": "fast",
              "pass": true,
              "fail": false,
              "pending": false,
              "context": null,
              "code": "inventory.addItem(\"Sauce Labs Backpack\");\ninventory.assertCartBadge(1);\ninventory.openCart();\ncart.assertOnCartPage();\ncart.assertItemVisible(\"Sauce Labs Backpack\");",
              "err": {},
              "uuid": "81592a85-3cb9-497f-98fb-f7c5e711c623",
              "parentUUID": "c436bdc1-f4bb-44c3-bea1-bdad9301bb39",
              "isHook": false,
              "skipped": false
            },
            {
              "title": "goes to cart then continues shopping back to inventory",
              "fullTitle": "Navigation - POM goes to cart then continues shopping back to inventory",
              "timedOut": null,
              "duration": 956,
              "state": "passed",
              "speed": "fast",
              "pass": true,
              "fail": false,
              "pending": false,
              "context": null,
              "code": "inventory.openCart();\ncart.assertOnCartPage();\ncart.continueShopping();\ninventory.assertOnInventory();",
              "err": {},
              "uuid": "599dbc52-47d9-4b74-b23c-fa419396f748",
              "parentUUID": "c436bdc1-f4bb-44c3-bea1-bdad9301bb39",
              "isHook": false,
              "skipped": false
            }
          ],
          "suites": [],
          "passes": [
            "a3d1bb83-3890-4a3a-b418-11667c6f9490",
            "81592a85-3cb9-497f-98fb-f7c5e711c623",
            "599dbc52-47d9-4b74-b23c-fa419396f748"
          ],
          "failures": [],
          "pending": [],
          "skipped": [],
          "duration": 3062,
          "root": false,
          "rootEmpty": false,
          "_timeout": 2000
        }
      ],
      "passes": [],
      "failures": [],
      "pending": [],
      "skipped": [],
      "duration": 0,
      "root": true,
      "rootEmpty": true,
      "_timeout": 2000
    }
  ],
  "meta": {
    "mocha": {
      "version": "7.2.0"
    },
    "mochawesome": {
      "options": {
        "quiet": false,
        "reportFilename": "mochawesome",
        "saveHtml": false,
        "saveJson": true,
        "consoleReporter": "spec",
        "useInlineDiffs": false,
        "code": true
      },
      "version": "7.1.4"
    },
    "marge": {
      "options": {
        "reportDir": "cypress/reports/mochawesome",
        "overwrite": false,
        "html": false,
        "json": true,
        "charts": true,
        "reportPageTitle": "Cypress Test Report",
        "embeddedScreenshots": true,
        "inlineAssets": true
      },
      "version": "6.3.2"
    }
  }
}