{
  "stats": {
    "suites": 1,
    "tests": 4,
    "passes": 4,
    "pending": 0,
    "failures": 0,
    "start": "2026-03-05T16:39:36.501Z",
    "end": "2026-03-05T16:39:41.182Z",
    "duration": 4681,
    "testsRegistered": 4,
    "passPercent": 100,
    "pendingPercent": 0,
    "other": 0,
    "hasOther": false,
    "skipped": 0,
    "hasSkipped": false
  },
  "results": [
    {
      "uuid": "acdece11-a15a-4cd5-bc7b-6271f8502fbc",
      "title": "",
      "fullFile": "cypress/e2e/auth.cy.js",
      "file": "cypress/e2e/auth.cy.js",
      "beforeHooks": [],
      "afterHooks": [],
      "tests": [],
      "suites": [
        {
          "uuid": "316f3313-b8c0-47e9-8220-6f79d562743b",
          "title": "Auth - POM",
          "fullFile": "",
          "file": "",
          "beforeHooks": [],
          "afterHooks": [],
          "tests": [
            {
              "title": "logs in as standard user using role helper",
              "fullTitle": "Auth - POM logs in as standard user using role helper",
              "timedOut": null,
              "duration": 1430,
              "state": "passed",
              "speed": "fast",
              "pass": true,
              "fail": false,
              "pending": false,
              "context": null,
              "code": "login.loginAs(\"standard\");\ninventory.assertOnInventory();",
              "err": {},
              "uuid": "a4e6ed42-d5e9-4d0c-b157-16de5e1bcd8a",
              "parentUUID": "316f3313-b8c0-47e9-8220-6f79d562743b",
              "isHook": false,
              "skipped": false
            },
            {
              "title": "logs out successfully",
              "fullTitle": "Auth - POM logs out successfully",
              "timedOut": null,
              "duration": 1428,
              "state": "passed",
              "speed": "fast",
              "pass": true,
              "fail": false,
              "pending": false,
              "context": null,
              "code": "login.loginAs(\"standard\");\ninventory.assertOnInventory();\ninventory.logout();\nlogin.assertOnLoginPage();",
              "err": {},
              "uuid": "8a86dccb-f4d8-41bd-9c75-3084d871cf6d",
              "parentUUID": "316f3313-b8c0-47e9-8220-6f79d562743b",
              "isHook": false,
              "skipped": false
            },
            {
              "title": "shows error for invalid credentials",
              "fullTitle": "Auth - POM shows error for invalid credentials",
              "timedOut": null,
              "duration": 863,
              "state": "passed",
              "speed": "fast",
              "pass": true,
              "fail": false,
              "pending": false,
              "context": null,
              "code": "login.visit();\nlogin.loginWith(\"wrong\", \"wrong\");\nlogin.assertErrorContains(\"Username and password do not match\");",
              "err": {},
              "uuid": "32c89486-a1a9-4dfd-b36e-e040a03ecf4f",
              "parentUUID": "316f3313-b8c0-47e9-8220-6f79d562743b",
              "isHook": false,
              "skipped": false
            },
            {
              "title": "locked out user cannot log in",
              "fullTitle": "Auth - POM locked out user cannot log in",
              "timedOut": null,
              "duration": 870,
              "state": "passed",
              "speed": "fast",
              "pass": true,
              "fail": false,
              "pending": false,
              "context": null,
              "code": "login.loginAs(\"locked\");\nlogin.assertErrorContains(\"Sorry, this user has been locked out\");",
              "err": {},
              "uuid": "9f58065a-1b24-4aaf-b1af-ba29a29c400d",
              "parentUUID": "316f3313-b8c0-47e9-8220-6f79d562743b",
              "isHook": false,
              "skipped": false
            }
          ],
          "suites": [],
          "passes": [
            "a4e6ed42-d5e9-4d0c-b157-16de5e1bcd8a",
            "8a86dccb-f4d8-41bd-9c75-3084d871cf6d",
            "32c89486-a1a9-4dfd-b36e-e040a03ecf4f",
            "9f58065a-1b24-4aaf-b1af-ba29a29c400d"
          ],
          "failures": [],
          "pending": [],
          "skipped": [],
          "duration": 4591,
          "root": false,
          "rootEmpty": false,
          "_timeout": 2000
        }
      ],
      "passes": [],
      "failures": [],
      "pending": [],
      "skipped": [],
      "duration": 0,
      "root": true,
      "rootEmpty": true,
      "_timeout": 2000
    }
  ],
  "meta": {
    "mocha": {
      "version": "7.2.0"
    },
    "mochawesome": {
      "options": {
        "quiet": false,
        "reportFilename": "mochawesome",
        "saveHtml": false,
        "saveJson": true,
        "consoleReporter": "spec",
        "useInlineDiffs": false,
        "code": true
      },
      "version": "7.1.4"
    },
    "marge": {
      "options": {
        "reportDir": "cypress/reports/mochawesome",
        "overwrite": false,
        "html": false,
        "json": true,
        "charts": true,
        "reportPageTitle": "Cypress Test Report",
        "embeddedScreenshots": true,
        "inlineAssets": true
      },
      "version": "6.3.2"
    }
  }
}