{
  "stats": {
    "suites": 1,
    "tests": 4,
    "passes": 4,
    "pending": 0,
    "failures": 0,
    "start": "2026-03-16T23:50:41.312Z",
    "end": "2026-03-16T23:50:46.643Z",
    "duration": 5331,
    "testsRegistered": 4,
    "passPercent": 100,
    "pendingPercent": 0,
    "other": 0,
    "hasOther": false,
    "skipped": 0,
    "hasSkipped": false
  },
  "results": [
    {
      "uuid": "537c5c64-fe55-4c7b-9cdd-0b8fa2a07c44",
      "title": "",
      "fullFile": "cypress/e2e/auth.cy.js",
      "file": "cypress/e2e/auth.cy.js",
      "beforeHooks": [],
      "afterHooks": [],
      "tests": [],
      "suites": [
        {
          "uuid": "ee224b60-f438-4681-a354-905c1f9fcd0b",
          "title": "Auth - POM",
          "fullFile": "",
          "file": "",
          "beforeHooks": [],
          "afterHooks": [],
          "tests": [
            {
              "title": "logs in as standard user using role helper",
              "fullTitle": "Auth - POM logs in as standard user using role helper",
              "timedOut": null,
              "duration": 2384,
              "state": "passed",
              "speed": "fast",
              "pass": true,
              "fail": false,
              "pending": false,
              "context": null,
              "code": "login.loginAs(\"standard\");\ninventory.assertOnInventory();",
              "err": {},
              "uuid": "b6ace54f-a65d-47a1-895f-89376945fd8e",
              "parentUUID": "ee224b60-f438-4681-a354-905c1f9fcd0b",
              "isHook": false,
              "skipped": false
            },
            {
              "title": "logs out successfully",
              "fullTitle": "Auth - POM logs out successfully",
              "timedOut": null,
              "duration": 1410,
              "state": "passed",
              "speed": "fast",
              "pass": true,
              "fail": false,
              "pending": false,
              "context": null,
              "code": "login.loginAs(\"standard\");\ninventory.assertOnInventory();\ninventory.logout();\nlogin.assertOnLoginPage();",
              "err": {},
              "uuid": "9e92d4cb-cc95-47aa-a1f1-19bef0713137",
              "parentUUID": "ee224b60-f438-4681-a354-905c1f9fcd0b",
              "isHook": false,
              "skipped": false
            },
            {
              "title": "shows error for invalid credentials",
              "fullTitle": "Auth - POM shows error for invalid credentials",
              "timedOut": null,
              "duration": 634,
              "state": "passed",
              "speed": "fast",
              "pass": true,
              "fail": false,
              "pending": false,
              "context": null,
              "code": "login.visit();\nlogin.loginWith(\"wrong\", \"wrong\");\nlogin.assertErrorContains(\"Username and password do not match\");",
              "err": {},
              "uuid": "30e1d87f-0416-4f5f-8096-83777106daac",
              "parentUUID": "ee224b60-f438-4681-a354-905c1f9fcd0b",
              "isHook": false,
              "skipped": false
            },
            {
              "title": "locked out user cannot log in",
              "fullTitle": "Auth - POM locked out user cannot log in",
              "timedOut": null,
              "duration": 825,
              "state": "passed",
              "speed": "fast",
              "pass": true,
              "fail": false,
              "pending": false,
              "context": null,
              "code": "login.loginAs(\"locked\");\nlogin.assertErrorContains(\"Sorry, this user has been locked out\");",
              "err": {},
              "uuid": "a8647988-baf3-43a3-a1fa-6d83a19b2364",
              "parentUUID": "ee224b60-f438-4681-a354-905c1f9fcd0b",
              "isHook": false,
              "skipped": false
            }
          ],
          "suites": [],
          "passes": [
            "b6ace54f-a65d-47a1-895f-89376945fd8e",
            "9e92d4cb-cc95-47aa-a1f1-19bef0713137",
            "30e1d87f-0416-4f5f-8096-83777106daac",
            "a8647988-baf3-43a3-a1fa-6d83a19b2364"
          ],
          "failures": [],
          "pending": [],
          "skipped": [],
          "duration": 5253,
          "root": false,
          "rootEmpty": false,
          "_timeout": 2000
        }
      ],
      "passes": [],
      "failures": [],
      "pending": [],
      "skipped": [],
      "duration": 0,
      "root": true,
      "rootEmpty": true,
      "_timeout": 2000
    }
  ],
  "meta": {
    "mocha": {
      "version": "7.2.0"
    },
    "mochawesome": {
      "options": {
        "quiet": false,
        "reportFilename": "mochawesome",
        "saveHtml": false,
        "saveJson": true,
        "consoleReporter": "spec",
        "useInlineDiffs": false,
        "code": true
      },
      "version": "7.1.4"
    },
    "marge": {
      "options": {
        "reportDir": "cypress/reports/mochawesome",
        "overwrite": false,
        "html": false,
        "json": true,
        "charts": true,
        "reportPageTitle": "Cypress Test Report",
        "embeddedScreenshots": true,
        "inlineAssets": true
      },
      "version": "6.3.2"
    }
  }
}