{
  "stats": {
    "suites": 1,
    "tests": 3,
    "passes": 3,
    "pending": 0,
    "failures": 0,
    "start": "2026-03-16T23:42:25.072Z",
    "end": "2026-03-16T23:42:28.278Z",
    "duration": 3206,
    "testsRegistered": 3,
    "passPercent": 100,
    "pendingPercent": 0,
    "other": 0,
    "hasOther": false,
    "skipped": 0,
    "hasSkipped": false
  },
  "results": [
    {
      "uuid": "cc8840db-bd27-4b31-aeed-53d7625dc678",
      "title": "",
      "fullFile": "cypress/e2e/navigation.cy.js",
      "file": "cypress/e2e/navigation.cy.js",
      "beforeHooks": [],
      "afterHooks": [],
      "tests": [],
      "suites": [
        {
          "uuid": "d0f7971f-1004-400e-90d8-516bd70a4401",
          "title": "Navigation - POM",
          "fullFile": "",
          "file": "",
          "beforeHooks": [],
          "afterHooks": [],
          "tests": [
            {
              "title": "navigates to cart and verifies cart page loads",
              "fullTitle": "Navigation - POM navigates to cart and verifies cart page loads",
              "timedOut": null,
              "duration": 1138,
              "state": "passed",
              "speed": "fast",
              "pass": true,
              "fail": false,
              "pending": false,
              "context": null,
              "code": "inventory.openCart();\ncart.assertOnCartPage();",
              "err": {},
              "uuid": "f9be239c-9521-4ec0-95a8-cfc66bab89a5",
              "parentUUID": "d0f7971f-1004-400e-90d8-516bd70a4401",
              "isHook": false,
              "skipped": false
            },
            {
              "title": "adds item -> goes to cart -> sees it in cart",
              "fullTitle": "Navigation - POM adds item -> goes to cart -> sees it in cart",
              "timedOut": null,
              "duration": 1045,
              "state": "passed",
              "speed": "fast",
              "pass": true,
              "fail": false,
              "pending": false,
              "context": null,
              "code": "inventory.addItem(\"Sauce Labs Backpack\");\ninventory.assertCartBadge(1);\ninventory.openCart();\ncart.assertOnCartPage();\ncart.assertItemVisible(\"Sauce Labs Backpack\");",
              "err": {},
              "uuid": "3600ca72-a5ff-43fa-8343-3af9e5afbd53",
              "parentUUID": "d0f7971f-1004-400e-90d8-516bd70a4401",
              "isHook": false,
              "skipped": false
            },
            {
              "title": "goes to cart then continues shopping back to inventory",
              "fullTitle": "Navigation - POM goes to cart then continues shopping back to inventory",
              "timedOut": null,
              "duration": 967,
              "state": "passed",
              "speed": "fast",
              "pass": true,
              "fail": false,
              "pending": false,
              "context": null,
              "code": "inventory.openCart();\ncart.assertOnCartPage();\ncart.continueShopping();\ninventory.assertOnInventory();",
              "err": {},
              "uuid": "f943a933-0f20-41bb-b6d7-991c338c0f5c",
              "parentUUID": "d0f7971f-1004-400e-90d8-516bd70a4401",
              "isHook": false,
              "skipped": false
            }
          ],
          "suites": [],
          "passes": [
            "f9be239c-9521-4ec0-95a8-cfc66bab89a5",
            "3600ca72-a5ff-43fa-8343-3af9e5afbd53",
            "f943a933-0f20-41bb-b6d7-991c338c0f5c"
          ],
          "failures": [],
          "pending": [],
          "skipped": [],
          "duration": 3150,
          "root": false,
          "rootEmpty": false,
          "_timeout": 2000
        }
      ],
      "passes": [],
      "failures": [],
      "pending": [],
      "skipped": [],
      "duration": 0,
      "root": true,
      "rootEmpty": true,
      "_timeout": 2000
    }
  ],
  "meta": {
    "mocha": {
      "version": "7.2.0"
    },
    "mochawesome": {
      "options": {
        "quiet": false,
        "reportFilename": "mochawesome",
        "saveHtml": false,
        "saveJson": true,
        "consoleReporter": "spec",
        "useInlineDiffs": false,
        "code": true
      },
      "version": "7.1.4"
    },
    "marge": {
      "options": {
        "reportDir": "cypress/reports/mochawesome",
        "overwrite": false,
        "html": false,
        "json": true,
        "charts": true,
        "reportPageTitle": "Cypress Test Report",
        "embeddedScreenshots": true,
        "inlineAssets": true
      },
      "version": "6.3.2"
    }
  }
}