{
  "stats": {
    "suites": 1,
    "tests": 3,
    "passes": 3,
    "pending": 0,
    "failures": 0,
    "start": "2026-03-16T23:51:48.131Z",
    "end": "2026-03-16T23:51:51.291Z",
    "duration": 3160,
    "testsRegistered": 3,
    "passPercent": 100,
    "pendingPercent": 0,
    "other": 0,
    "hasOther": false,
    "skipped": 0,
    "hasSkipped": false
  },
  "results": [
    {
      "uuid": "2a183445-8e78-40a4-b60a-104e5adba9bc",
      "title": "",
      "fullFile": "cypress/e2e/navigation.cy.js",
      "file": "cypress/e2e/navigation.cy.js",
      "beforeHooks": [],
      "afterHooks": [],
      "tests": [],
      "suites": [
        {
          "uuid": "3074ee76-3dce-4233-a85c-6f88d738c8cb",
          "title": "Navigation - POM",
          "fullFile": "",
          "file": "",
          "beforeHooks": [],
          "afterHooks": [],
          "tests": [
            {
              "title": "navigates to cart and verifies cart page loads",
              "fullTitle": "Navigation - POM navigates to cart and verifies cart page loads",
              "timedOut": null,
              "duration": 1074,
              "state": "passed",
              "speed": "fast",
              "pass": true,
              "fail": false,
              "pending": false,
              "context": null,
              "code": "inventory.openCart();\ncart.assertOnCartPage();",
              "err": {},
              "uuid": "301c96d9-f88d-4e14-8aa7-023eb0152543",
              "parentUUID": "3074ee76-3dce-4233-a85c-6f88d738c8cb",
              "isHook": false,
              "skipped": false
            },
            {
              "title": "adds item -> goes to cart -> sees it in cart",
              "fullTitle": "Navigation - POM adds item -> goes to cart -> sees it in cart",
              "timedOut": null,
              "duration": 1055,
              "state": "passed",
              "speed": "fast",
              "pass": true,
              "fail": false,
              "pending": false,
              "context": null,
              "code": "inventory.addItem(\"Sauce Labs Backpack\");\ninventory.assertCartBadge(1);\ninventory.openCart();\ncart.assertOnCartPage();\ncart.assertItemVisible(\"Sauce Labs Backpack\");",
              "err": {},
              "uuid": "3c221e0d-62a9-40e6-85b9-93bf9de9c22f",
              "parentUUID": "3074ee76-3dce-4233-a85c-6f88d738c8cb",
              "isHook": false,
              "skipped": false
            },
            {
              "title": "goes to cart then continues shopping back to inventory",
              "fullTitle": "Navigation - POM goes to cart then continues shopping back to inventory",
              "timedOut": null,
              "duration": 973,
              "state": "passed",
              "speed": "fast",
              "pass": true,
              "fail": false,
              "pending": false,
              "context": null,
              "code": "inventory.openCart();\ncart.assertOnCartPage();\ncart.continueShopping();\ninventory.assertOnInventory();",
              "err": {},
              "uuid": "309bc47a-234b-4a9d-a614-adc577996f96",
              "parentUUID": "3074ee76-3dce-4233-a85c-6f88d738c8cb",
              "isHook": false,
              "skipped": false
            }
          ],
          "suites": [],
          "passes": [
            "301c96d9-f88d-4e14-8aa7-023eb0152543",
            "3c221e0d-62a9-40e6-85b9-93bf9de9c22f",
            "309bc47a-234b-4a9d-a614-adc577996f96"
          ],
          "failures": [],
          "pending": [],
          "skipped": [],
          "duration": 3102,
          "root": false,
          "rootEmpty": false,
          "_timeout": 2000
        }
      ],
      "passes": [],
      "failures": [],
      "pending": [],
      "skipped": [],
      "duration": 0,
      "root": true,
      "rootEmpty": true,
      "_timeout": 2000
    }
  ],
  "meta": {
    "mocha": {
      "version": "7.2.0"
    },
    "mochawesome": {
      "options": {
        "quiet": false,
        "reportFilename": "mochawesome",
        "saveHtml": false,
        "saveJson": true,
        "consoleReporter": "spec",
        "useInlineDiffs": false,
        "code": true
      },
      "version": "7.1.4"
    },
    "marge": {
      "options": {
        "reportDir": "cypress/reports/mochawesome",
        "overwrite": false,
        "html": false,
        "json": true,
        "charts": true,
        "reportPageTitle": "Cypress Test Report",
        "embeddedScreenshots": true,
        "inlineAssets": true
      },
      "version": "6.3.2"
    }
  }
}