{
  "stats": {
    "suites": 28,
    "tests": 60,
    "passes": 60,
    "pending": 0,
    "failures": 0,
    "testsRegistered": 60,
    "passPercent": 100,
    "pendingPercent": 0,
    "other": 0,
    "hasOther": false,
    "skipped": 0,
    "hasSkipped": false,
    "start": "2026-03-05T16:39:36.501Z",
    "end": "2026-03-16T23:51:55.223Z",
    "duration": 976338722
  },
  "results": [
    {
      "uuid": "2b514ac5-0440-4044-86a8-5fad41fbdbbc",
      "title": "",
      "fullFile": "cypress/e2e/cart.cy.js",
      "file": "cypress/e2e/cart.cy.js",
      "beforeHooks": [],
      "afterHooks": [],
      "tests": [],
      "suites": [
        {
          "uuid": "2b139b98-0cb0-4379-bf8b-ca8f19079d98",
          "title": "Cart - POM",
          "fullFile": "",
          "file": "",
          "beforeHooks": [],
          "afterHooks": [],
          "tests": [
            {
              "title": "adds multiple items and verifies cart",
              "fullTitle": "Cart - POM adds multiple items and verifies cart",
              "timedOut": null,
              "duration": 1282,
              "state": "passed",
              "speed": "fast",
              "pass": true,
              "fail": false,
              "pending": false,
              "context": null,
              "code": "inventory.addItem(\"Sauce Labs Backpack\");\ninventory.addItem(\"Sauce Labs Bike Light\");\ninventory.assertCartBadge(2);\ninventory.openCart();\ncart.assertItemsCount(2);",
              "err": {},
              "uuid": "4abf5f7b-ffe1-44a1-b25f-144e2d8d0916",
              "parentUUID": "2b139b98-0cb0-4379-bf8b-ca8f19079d98",
              "isHook": false,
              "skipped": false
            }
          ],
          "suites": [],
          "passes": [
            "4abf5f7b-ffe1-44a1-b25f-144e2d8d0916"
          ],
          "failures": [],
          "pending": [],
          "skipped": [],
          "duration": 1282,
          "root": false,
          "rootEmpty": false,
          "_timeout": 2000
        }
      ],
      "passes": [],
      "failures": [],
      "pending": [],
      "skipped": [],
      "duration": 0,
      "root": true,
      "rootEmpty": true,
      "_timeout": 2000
    },
    {
      "uuid": "e7d134ea-610f-41d7-b6f1-38c00eb51659",
      "title": "",
      "fullFile": "cypress/e2e/checkout.cy.js",
      "file": "cypress/e2e/checkout.cy.js",
      "beforeHooks": [],
      "afterHooks": [],
      "tests": [],
      "suites": [
        {
          "uuid": "2c65cf60-65ec-462e-b2d8-75e848448b19",
          "title": "Checkout - POM",
          "fullFile": "",
          "file": "",
          "beforeHooks": [],
          "afterHooks": [],
          "tests": [
            {
              "title": "completes checkout flow",
              "fullTitle": "Checkout - POM completes checkout flow",
              "timedOut": null,
              "duration": 2193,
              "state": "passed",
              "speed": "fast",
              "pass": true,
              "fail": false,
              "pending": false,
              "context": null,
              "code": "inventory.addItem(\"Sauce Labs Backpack\");\ninventory.openCart();\ncart.checkout();\ncheckout.fillInfo({\n  firstName: \"Test\",\n  lastName: \"User\",\n  zip: \"60601\"\n});\ncheckout.continue();\ncheckout.finish();\ncheckout.assertOrderComplete();",
              "err": {},
              "uuid": "44abc386-d9ae-4cba-8ca0-347ee368ea2a",
              "parentUUID": "2c65cf60-65ec-462e-b2d8-75e848448b19",
              "isHook": false,
              "skipped": false
            }
          ],
          "suites": [],
          "passes": [
            "44abc386-d9ae-4cba-8ca0-347ee368ea2a"
          ],
          "failures": [],
          "pending": [],
          "skipped": [],
          "duration": 2193,
          "root": false,
          "rootEmpty": false,
          "_timeout": 2000
        }
      ],
      "passes": [],
      "failures": [],
      "pending": [],
      "skipped": [],
      "duration": 0,
      "root": true,
      "rootEmpty": true,
      "_timeout": 2000
    },
    {
      "uuid": "a0e91254-228a-4de3-b38f-e71557cbdcd3",
      "title": "",
      "fullFile": "cypress/e2e/inventory.cy.js",
      "file": "cypress/e2e/inventory.cy.js",
      "beforeHooks": [],
      "afterHooks": [],
      "tests": [],
      "suites": [
        {
          "uuid": "dfe7bb8c-15c6-425f-a41d-f85227307fdf",
          "title": "Inventory - POM",
          "fullFile": "",
          "file": "",
          "beforeHooks": [],
          "afterHooks": [],
          "tests": [
            {
              "title": "adds item and shows badge",
              "fullTitle": "Inventory - POM adds item and shows badge",
              "timedOut": null,
              "duration": 1109,
              "state": "passed",
              "speed": "fast",
              "pass": true,
              "fail": false,
              "pending": false,
              "context": null,
              "code": "inventory.addItem(\"Sauce Labs Backpack\");\ninventory.assertCartBadge(1);",
              "err": {},
              "uuid": "e19ab436-e2bc-4c93-9b77-e3954c0f5fb5",
              "parentUUID": "dfe7bb8c-15c6-425f-a41d-f85227307fdf",
              "isHook": false,
              "skipped": false
            },
            {
              "title": "logs out successfully",
              "fullTitle": "Inventory - POM logs out successfully",
              "timedOut": null,
              "duration": 1457,
              "state": "passed",
              "speed": "fast",
              "pass": true,
              "fail": false,
              "pending": false,
              "context": null,
              "code": "inventory.logout();\nlogin.assertOnLoginPage();",
              "err": {},
              "uuid": "49a51bda-0f73-47b4-9c8b-83f59e6e18f5",
              "parentUUID": "dfe7bb8c-15c6-425f-a41d-f85227307fdf",
              "isHook": false,
              "skipped": false
            }
          ],
          "suites": [],
          "passes": [
            "e19ab436-e2bc-4c93-9b77-e3954c0f5fb5",
            "49a51bda-0f73-47b4-9c8b-83f59e6e18f5"
          ],
          "failures": [],
          "pending": [],
          "skipped": [],
          "duration": 2566,
          "root": false,
          "rootEmpty": false,
          "_timeout": 2000
        }
      ],
      "passes": [],
      "failures": [],
      "pending": [],
      "skipped": [],
      "duration": 0,
      "root": true,
      "rootEmpty": true,
      "_timeout": 2000
    },
    {
      "uuid": "8868cdb2-99af-4492-a03f-392160474af4",
      "title": "",
      "fullFile": "cypress/e2e/login.cy.js",
      "file": "cypress/e2e/login.cy.js",
      "beforeHooks": [],
      "afterHooks": [],
      "tests": [],
      "suites": [
        {
          "uuid": "9f91b861-31d1-47c1-a7c0-baffef520634",
          "title": "Login - POM",
          "fullFile": "",
          "file": "",
          "beforeHooks": [],
          "afterHooks": [],
          "tests": [
            {
              "title": "logs in successfully",
              "fullTitle": "Login - POM logs in successfully",
              "timedOut": null,
              "duration": 1025,
              "state": "passed",
              "speed": "fast",
              "pass": true,
              "fail": false,
              "pending": false,
              "context": null,
              "code": "login.loginAs(\"standard\");\ninventory.assertOnInventory();",
              "err": {},
              "uuid": "7b06d03e-84d4-4926-9194-2327425c4493",
              "parentUUID": "9f91b861-31d1-47c1-a7c0-baffef520634",
              "isHook": false,
              "skipped": false
            },
            {
              "title": "shows error for invalid credentials",
              "fullTitle": "Login - POM shows error for invalid credentials",
              "timedOut": null,
              "duration": 752,
              "state": "passed",
              "speed": "fast",
              "pass": true,
              "fail": false,
              "pending": false,
              "context": null,
              "code": "login.loginWith(\"wrong\", \"wrong\");\nlogin.assertErrorContains(\"Username and password do not match\");",
              "err": {},
              "uuid": "dcb97060-510c-4ab3-b235-34ed7c35158f",
              "parentUUID": "9f91b861-31d1-47c1-a7c0-baffef520634",
              "isHook": false,
              "skipped": false
            }
          ],
          "suites": [],
          "passes": [
            "7b06d03e-84d4-4926-9194-2327425c4493",
            "dcb97060-510c-4ab3-b235-34ed7c35158f"
          ],
          "failures": [],
          "pending": [],
          "skipped": [],
          "duration": 1777,
          "root": false,
          "rootEmpty": false,
          "_timeout": 2000
        }
      ],
      "passes": [],
      "failures": [],
      "pending": [],
      "skipped": [],
      "duration": 0,
      "root": true,
      "rootEmpty": true,
      "_timeout": 2000
    },
    {
      "uuid": "cd742fa9-0436-4c41-a68c-4311a3e788df",
      "title": "",
      "fullFile": "cypress/e2e/navigation.cy.js",
      "file": "cypress/e2e/navigation.cy.js",
      "beforeHooks": [],
      "afterHooks": [],
      "tests": [],
      "suites": [
        {
          "uuid": "2102e064-5f54-4112-ab09-0f77c239d02b",
          "title": "Navigation - POM",
          "fullFile": "",
          "file": "",
          "beforeHooks": [],
          "afterHooks": [],
          "tests": [
            {
              "title": "navigates to cart and verifies cart page loads",
              "fullTitle": "Navigation - POM navigates to cart and verifies cart page loads",
              "timedOut": null,
              "duration": 1080,
              "state": "passed",
              "speed": "fast",
              "pass": true,
              "fail": false,
              "pending": false,
              "context": null,
              "code": "inventory.openCart();\ncart.assertOnCartPage();",
              "err": {},
              "uuid": "a3b730b3-9068-413e-9341-95b6c1de5a4e",
              "parentUUID": "2102e064-5f54-4112-ab09-0f77c239d02b",
              "isHook": false,
              "skipped": false
            },
            {
              "title": "adds item -> goes to cart -> sees it in cart",
              "fullTitle": "Navigation - POM adds item -> goes to cart -> sees it in cart",
              "timedOut": null,
              "duration": 1193,
              "state": "passed",
              "speed": "fast",
              "pass": true,
              "fail": false,
              "pending": false,
              "context": null,
              "code": "inventory.addItem(\"Sauce Labs Backpack\");\ninventory.assertCartBadge(1);\ninventory.openCart();\ncart.assertOnCartPage();\ncart.assertItemVisible(\"Sauce Labs Backpack\");",
              "err": {},
              "uuid": "4adeef8d-dc5e-4925-b327-cff351fba3f1",
              "parentUUID": "2102e064-5f54-4112-ab09-0f77c239d02b",
              "isHook": false,
              "skipped": false
            },
            {
              "title": "goes to cart then continues shopping back to inventory",
              "fullTitle": "Navigation - POM goes to cart then continues shopping back to inventory",
              "timedOut": null,
              "duration": 997,
              "state": "passed",
              "speed": "fast",
              "pass": true,
              "fail": false,
              "pending": false,
              "context": null,
              "code": "inventory.openCart();\ncart.assertOnCartPage();\ncart.continueShopping();\ninventory.assertOnInventory();",
              "err": {},
              "uuid": "30cd3841-1976-4821-9a24-41822f246377",
              "parentUUID": "2102e064-5f54-4112-ab09-0f77c239d02b",
              "isHook": false,
              "skipped": false
            }
          ],
          "suites": [],
          "passes": [
            "a3b730b3-9068-413e-9341-95b6c1de5a4e",
            "4adeef8d-dc5e-4925-b327-cff351fba3f1",
            "30cd3841-1976-4821-9a24-41822f246377"
          ],
          "failures": [],
          "pending": [],
          "skipped": [],
          "duration": 3270,
          "root": false,
          "rootEmpty": false,
          "_timeout": 2000
        }
      ],
      "passes": [],
      "failures": [],
      "pending": [],
      "skipped": [],
      "duration": 0,
      "root": true,
      "rootEmpty": true,
      "_timeout": 2000
    },
    {
      "uuid": "58eb231b-cc75-4678-829c-8397dd0101e4",
      "title": "",
      "fullFile": "cypress/e2e/sorting.cy.js",
      "file": "cypress/e2e/sorting.cy.js",
      "beforeHooks": [],
      "afterHooks": [],
      "tests": [],
      "suites": [
        {
          "uuid": "a978ea08-8b4e-4d19-bf51-d87966a39ad7",
          "title": "Sorting - POM",
          "fullFile": "",
          "file": "",
          "beforeHooks": [],
          "afterHooks": [],
          "tests": [
            {
              "title": "sorts items A to Z",
              "fullTitle": "Sorting - POM sorts items A to Z",
              "timedOut": null,
              "duration": 1115,
              "state": "passed",
              "speed": "fast",
              "pass": true,
              "fail": false,
              "pending": false,
              "context": null,
              "code": "inventory.sortBy(\"az\");\ninventory.assertNamesSortedAZ();",
              "err": {},
              "uuid": "62ee56ca-230f-490d-944a-3a565c64afcd",
              "parentUUID": "a978ea08-8b4e-4d19-bf51-d87966a39ad7",
              "isHook": false,
              "skipped": false
            },
            {
              "title": "sorts items Z to A",
              "fullTitle": "Sorting - POM sorts items Z to A",
              "timedOut": null,
              "duration": 1050,
              "state": "passed",
              "speed": "fast",
              "pass": true,
              "fail": false,
              "pending": false,
              "context": null,
              "code": "inventory.sortBy(\"za\");\ninventory.assertNamesSortedZA();",
              "err": {},
              "uuid": "9a4594f4-bd96-47c8-82de-3af1b90c0228",
              "parentUUID": "a978ea08-8b4e-4d19-bf51-d87966a39ad7",
              "isHook": false,
              "skipped": false
            }
          ],
          "suites": [],
          "passes": [
            "62ee56ca-230f-490d-944a-3a565c64afcd",
            "9a4594f4-bd96-47c8-82de-3af1b90c0228"
          ],
          "failures": [],
          "pending": [],
          "skipped": [],
          "duration": 2165,
          "root": false,
          "rootEmpty": false,
          "_timeout": 2000
        }
      ],
      "passes": [],
      "failures": [],
      "pending": [],
      "skipped": [],
      "duration": 0,
      "root": true,
      "rootEmpty": true,
      "_timeout": 2000
    },
    {
      "uuid": "f21c6bd4-5789-4422-b946-0c3ae4ebc6bf",
      "title": "",
      "fullFile": "cypress/e2e/auth.cy.js",
      "file": "cypress/e2e/auth.cy.js",
      "beforeHooks": [],
      "afterHooks": [],
      "tests": [],
      "suites": [
        {
          "uuid": "1d0e2e8d-afdd-4716-b8ab-508d4067788a",
          "title": "Auth - POM",
          "fullFile": "",
          "file": "",
          "beforeHooks": [],
          "afterHooks": [],
          "tests": [
            {
              "title": "logs in as standard user using role helper",
              "fullTitle": "Auth - POM logs in as standard user using role helper",
              "timedOut": null,
              "duration": 2530,
              "state": "passed",
              "speed": "fast",
              "pass": true,
              "fail": false,
              "pending": false,
              "context": null,
              "code": "login.loginAs(\"standard\");\ninventory.assertOnInventory();",
              "err": {},
              "uuid": "c16f749b-9185-4fa2-88f0-4a9e1139d0f1",
              "parentUUID": "1d0e2e8d-afdd-4716-b8ab-508d4067788a",
              "isHook": false,
              "skipped": false
            },
            {
              "title": "logs out successfully",
              "fullTitle": "Auth - POM logs out successfully",
              "timedOut": null,
              "duration": 1343,
              "state": "passed",
              "speed": "fast",
              "pass": true,
              "fail": false,
              "pending": false,
              "context": null,
              "code": "login.loginAs(\"standard\");\ninventory.assertOnInventory();\ninventory.logout();\nlogin.assertOnLoginPage();",
              "err": {},
              "uuid": "7e505bc1-13b8-4f9b-bea2-516c57149e96",
              "parentUUID": "1d0e2e8d-afdd-4716-b8ab-508d4067788a",
              "isHook": false,
              "skipped": false
            },
            {
              "title": "shows error for invalid credentials",
              "fullTitle": "Auth - POM shows error for invalid credentials",
              "timedOut": null,
              "duration": 637,
              "state": "passed",
              "speed": "fast",
              "pass": true,
              "fail": false,
              "pending": false,
              "context": null,
              "code": "login.visit();\nlogin.loginWith(\"wrong\", \"wrong\");\nlogin.assertErrorContains(\"Username and password do not match\");",
              "err": {},
              "uuid": "68f3eafe-9e6b-400f-a93d-bad6a072fbf7",
              "parentUUID": "1d0e2e8d-afdd-4716-b8ab-508d4067788a",
              "isHook": false,
              "skipped": false
            },
            {
              "title": "locked out user cannot log in",
              "fullTitle": "Auth - POM locked out user cannot log in",
              "timedOut": null,
              "duration": 826,
              "state": "passed",
              "speed": "fast",
              "pass": true,
              "fail": false,
              "pending": false,
              "context": null,
              "code": "login.loginAs(\"locked\");\nlogin.assertErrorContains(\"Sorry, this user has been locked out\");",
              "err": {},
              "uuid": "2f9cd8e4-8aa2-4fae-92c2-01cca304970d",
              "parentUUID": "1d0e2e8d-afdd-4716-b8ab-508d4067788a",
              "isHook": false,
              "skipped": false
            }
          ],
          "suites": [],
          "passes": [
            "c16f749b-9185-4fa2-88f0-4a9e1139d0f1",
            "7e505bc1-13b8-4f9b-bea2-516c57149e96",
            "68f3eafe-9e6b-400f-a93d-bad6a072fbf7",
            "2f9cd8e4-8aa2-4fae-92c2-01cca304970d"
          ],
          "failures": [],
          "pending": [],
          "skipped": [],
          "duration": 5336,
          "root": false,
          "rootEmpty": false,
          "_timeout": 2000
        }
      ],
      "passes": [],
      "failures": [],
      "pending": [],
      "skipped": [],
      "duration": 0,
      "root": true,
      "rootEmpty": true,
      "_timeout": 2000
    },
    {
      "uuid": "67d4250b-88e0-4702-9956-c5a2b8d319a0",
      "title": "",
      "fullFile": "cypress/e2e/cart.cy.js",
      "file": "cypress/e2e/cart.cy.js",
      "beforeHooks": [],
      "afterHooks": [],
      "tests": [],
      "suites": [
        {
          "uuid": "bff9e0b1-2db5-4911-8104-f0717ae7d4f1",
          "title": "Cart - POM",
          "fullFile": "",
          "file": "",
          "beforeHooks": [],
          "afterHooks": [],
          "tests": [
            {
              "title": "adds multiple items and verifies cart",
              "fullTitle": "Cart - POM adds multiple items and verifies cart",
              "timedOut": null,
              "duration": 1230,
              "state": "passed",
              "speed": "fast",
              "pass": true,
              "fail": false,
              "pending": false,
              "context": null,
              "code": "inventory.addItem(\"Sauce Labs Backpack\");\ninventory.addItem(\"Sauce Labs Bike Light\");\ninventory.assertCartBadge(2);\ninventory.openCart();\ncart.assertItemsCount(2);",
              "err": {},
              "uuid": "6cc9a28d-ef2e-4fcb-92b1-fde1c94dceaa",
              "parentUUID": "bff9e0b1-2db5-4911-8104-f0717ae7d4f1",
              "isHook": false,
              "skipped": false
            }
          ],
          "suites": [],
          "passes": [
            "6cc9a28d-ef2e-4fcb-92b1-fde1c94dceaa"
          ],
          "failures": [],
          "pending": [],
          "skipped": [],
          "duration": 1230,
          "root": false,
          "rootEmpty": false,
          "_timeout": 2000
        }
      ],
      "passes": [],
      "failures": [],
      "pending": [],
      "skipped": [],
      "duration": 0,
      "root": true,
      "rootEmpty": true,
      "_timeout": 2000
    },
    {
      "uuid": "d947b932-1086-4b3a-b69e-e90966485720",
      "title": "",
      "fullFile": "cypress/e2e/checkout.cy.js",
      "file": "cypress/e2e/checkout.cy.js",
      "beforeHooks": [],
      "afterHooks": [],
      "tests": [],
      "suites": [
        {
          "uuid": "be268f1f-1641-4d92-8b1d-8c553c83d412",
          "title": "Checkout - POM",
          "fullFile": "",
          "file": "",
          "beforeHooks": [],
          "afterHooks": [],
          "tests": [
            {
              "title": "completes checkout flow",
              "fullTitle": "Checkout - POM completes checkout flow",
              "timedOut": null,
              "duration": 2196,
              "state": "passed",
              "speed": "fast",
              "pass": true,
              "fail": false,
              "pending": false,
              "context": null,
              "code": "inventory.addItem(\"Sauce Labs Backpack\");\ninventory.openCart();\ncart.checkout();\ncheckout.fillInfo({\n  firstName: \"Test\",\n  lastName: \"User\",\n  zip: \"60601\"\n});\ncheckout.continue();\ncheckout.finish();\ncheckout.assertOrderComplete();",
              "err": {},
              "uuid": "d9dbea0a-64f4-4021-bc04-fabc02044d88",
              "parentUUID": "be268f1f-1641-4d92-8b1d-8c553c83d412",
              "isHook": false,
              "skipped": false
            }
          ],
          "suites": [],
          "passes": [
            "d9dbea0a-64f4-4021-bc04-fabc02044d88"
          ],
          "failures": [],
          "pending": [],
          "skipped": [],
          "duration": 2196,
          "root": false,
          "rootEmpty": false,
          "_timeout": 2000
        }
      ],
      "passes": [],
      "failures": [],
      "pending": [],
      "skipped": [],
      "duration": 0,
      "root": true,
      "rootEmpty": true,
      "_timeout": 2000
    },
    {
      "uuid": "0fa05fb3-0356-41dd-8e0f-19a2dec76645",
      "title": "",
      "fullFile": "cypress/e2e/inventory.cy.js",
      "file": "cypress/e2e/inventory.cy.js",
      "beforeHooks": [],
      "afterHooks": [],
      "tests": [],
      "suites": [
        {
          "uuid": "ff18fe2a-ec7f-42f9-8472-c6983e0c2c53",
          "title": "Inventory - POM",
          "fullFile": "",
          "file": "",
          "beforeHooks": [],
          "afterHooks": [],
          "tests": [
            {
              "title": "adds item and shows badge",
              "fullTitle": "Inventory - POM adds item and shows badge",
              "timedOut": null,
              "duration": 1064,
              "state": "passed",
              "speed": "fast",
              "pass": true,
              "fail": false,
              "pending": false,
              "context": null,
              "code": "inventory.addItem(\"Sauce Labs Backpack\");\ninventory.assertCartBadge(1);",
              "err": {},
              "uuid": "c4fd03e8-77a4-4b05-97e9-87afbf05df71",
              "parentUUID": "ff18fe2a-ec7f-42f9-8472-c6983e0c2c53",
              "isHook": false,
              "skipped": false
            },
            {
              "title": "logs out successfully",
              "fullTitle": "Inventory - POM logs out successfully",
              "timedOut": null,
              "duration": 1320,
              "state": "passed",
              "speed": "fast",
              "pass": true,
              "fail": false,
              "pending": false,
              "context": null,
              "code": "inventory.logout();\nlogin.assertOnLoginPage();",
              "err": {},
              "uuid": "1b4989cd-c3f8-4ea3-b415-3d2640fb3891",
              "parentUUID": "ff18fe2a-ec7f-42f9-8472-c6983e0c2c53",
              "isHook": false,
              "skipped": false
            }
          ],
          "suites": [],
          "passes": [
            "c4fd03e8-77a4-4b05-97e9-87afbf05df71",
            "1b4989cd-c3f8-4ea3-b415-3d2640fb3891"
          ],
          "failures": [],
          "pending": [],
          "skipped": [],
          "duration": 2384,
          "root": false,
          "rootEmpty": false,
          "_timeout": 2000
        }
      ],
      "passes": [],
      "failures": [],
      "pending": [],
      "skipped": [],
      "duration": 0,
      "root": true,
      "rootEmpty": true,
      "_timeout": 2000
    },
    {
      "uuid": "7873de16-7fca-4861-9215-e7797c1c1b57",
      "title": "",
      "fullFile": "cypress/e2e/login.cy.js",
      "file": "cypress/e2e/login.cy.js",
      "beforeHooks": [],
      "afterHooks": [],
      "tests": [],
      "suites": [
        {
          "uuid": "763ab19f-9928-4151-9a69-1189ba6e12a3",
          "title": "Login - POM",
          "fullFile": "",
          "file": "",
          "beforeHooks": [],
          "afterHooks": [],
          "tests": [
            {
              "title": "logs in successfully",
              "fullTitle": "Login - POM logs in successfully",
              "timedOut": null,
              "duration": 1004,
              "state": "passed",
              "speed": "fast",
              "pass": true,
              "fail": false,
              "pending": false,
              "context": null,
              "code": "login.loginAs(\"standard\");\ninventory.assertOnInventory();",
              "err": {},
              "uuid": "f7f712f0-950d-4ae6-ab52-8dacef05a0cb",
              "parentUUID": "763ab19f-9928-4151-9a69-1189ba6e12a3",
              "isHook": false,
              "skipped": false
            },
            {
              "title": "shows error for invalid credentials",
              "fullTitle": "Login - POM shows error for invalid credentials",
              "timedOut": null,
              "duration": 744,
              "state": "passed",
              "speed": "fast",
              "pass": true,
              "fail": false,
              "pending": false,
              "context": null,
              "code": "login.loginWith(\"wrong\", \"wrong\");\nlogin.assertErrorContains(\"Username and password do not match\");",
              "err": {},
              "uuid": "b58b6fa9-601b-4033-8f63-7e0947b1b5a8",
              "parentUUID": "763ab19f-9928-4151-9a69-1189ba6e12a3",
              "isHook": false,
              "skipped": false
            }
          ],
          "suites": [],
          "passes": [
            "f7f712f0-950d-4ae6-ab52-8dacef05a0cb",
            "b58b6fa9-601b-4033-8f63-7e0947b1b5a8"
          ],
          "failures": [],
          "pending": [],
          "skipped": [],
          "duration": 1748,
          "root": false,
          "rootEmpty": false,
          "_timeout": 2000
        }
      ],
      "passes": [],
      "failures": [],
      "pending": [],
      "skipped": [],
      "duration": 0,
      "root": true,
      "rootEmpty": true,
      "_timeout": 2000
    },
    {
      "uuid": "cc8840db-bd27-4b31-aeed-53d7625dc678",
      "title": "",
      "fullFile": "cypress/e2e/navigation.cy.js",
      "file": "cypress/e2e/navigation.cy.js",
      "beforeHooks": [],
      "afterHooks": [],
      "tests": [],
      "suites": [
        {
          "uuid": "d0f7971f-1004-400e-90d8-516bd70a4401",
          "title": "Navigation - POM",
          "fullFile": "",
          "file": "",
          "beforeHooks": [],
          "afterHooks": [],
          "tests": [
            {
              "title": "navigates to cart and verifies cart page loads",
              "fullTitle": "Navigation - POM navigates to cart and verifies cart page loads",
              "timedOut": null,
              "duration": 1138,
              "state": "passed",
              "speed": "fast",
              "pass": true,
              "fail": false,
              "pending": false,
              "context": null,
              "code": "inventory.openCart();\ncart.assertOnCartPage();",
              "err": {},
              "uuid": "f9be239c-9521-4ec0-95a8-cfc66bab89a5",
              "parentUUID": "d0f7971f-1004-400e-90d8-516bd70a4401",
              "isHook": false,
              "skipped": false
            },
            {
              "title": "adds item -> goes to cart -> sees it in cart",
              "fullTitle": "Navigation - POM adds item -> goes to cart -> sees it in cart",
              "timedOut": null,
              "duration": 1045,
              "state": "passed",
              "speed": "fast",
              "pass": true,
              "fail": false,
              "pending": false,
              "context": null,
              "code": "inventory.addItem(\"Sauce Labs Backpack\");\ninventory.assertCartBadge(1);\ninventory.openCart();\ncart.assertOnCartPage();\ncart.assertItemVisible(\"Sauce Labs Backpack\");",
              "err": {},
              "uuid": "3600ca72-a5ff-43fa-8343-3af9e5afbd53",
              "parentUUID": "d0f7971f-1004-400e-90d8-516bd70a4401",
              "isHook": false,
              "skipped": false
            },
            {
              "title": "goes to cart then continues shopping back to inventory",
              "fullTitle": "Navigation - POM goes to cart then continues shopping back to inventory",
              "timedOut": null,
              "duration": 967,
              "state": "passed",
              "speed": "fast",
              "pass": true,
              "fail": false,
              "pending": false,
              "context": null,
              "code": "inventory.openCart();\ncart.assertOnCartPage();\ncart.continueShopping();\ninventory.assertOnInventory();",
              "err": {},
              "uuid": "f943a933-0f20-41bb-b6d7-991c338c0f5c",
              "parentUUID": "d0f7971f-1004-400e-90d8-516bd70a4401",
              "isHook": false,
              "skipped": false
            }
          ],
          "suites": [],
          "passes": [
            "f9be239c-9521-4ec0-95a8-cfc66bab89a5",
            "3600ca72-a5ff-43fa-8343-3af9e5afbd53",
            "f943a933-0f20-41bb-b6d7-991c338c0f5c"
          ],
          "failures": [],
          "pending": [],
          "skipped": [],
          "duration": 3150,
          "root": false,
          "rootEmpty": false,
          "_timeout": 2000
        }
      ],
      "passes": [],
      "failures": [],
      "pending": [],
      "skipped": [],
      "duration": 0,
      "root": true,
      "rootEmpty": true,
      "_timeout": 2000
    },
    {
      "uuid": "2c4dfbc8-f829-4ef4-ae0d-be64e37bc91a",
      "title": "",
      "fullFile": "cypress/e2e/sorting.cy.js",
      "file": "cypress/e2e/sorting.cy.js",
      "beforeHooks": [],
      "afterHooks": [],
      "tests": [],
      "suites": [
        {
          "uuid": "8598f6ce-2866-4023-827f-9369098c7f0a",
          "title": "Sorting - POM",
          "fullFile": "",
          "file": "",
          "beforeHooks": [],
          "afterHooks": [],
          "tests": [
            {
              "title": "sorts items A to Z",
              "fullTitle": "Sorting - POM sorts items A to Z",
              "timedOut": null,
              "duration": 1101,
              "state": "passed",
              "speed": "fast",
              "pass": true,
              "fail": false,
              "pending": false,
              "context": null,
              "code": "inventory.sortBy(\"az\");\ninventory.assertNamesSortedAZ();",
              "err": {},
              "uuid": "e3aebc9c-ff77-4269-aa46-02365c50eace",
              "parentUUID": "8598f6ce-2866-4023-827f-9369098c7f0a",
              "isHook": false,
              "skipped": false
            },
            {
              "title": "sorts items Z to A",
              "fullTitle": "Sorting - POM sorts items Z to A",
              "timedOut": null,
              "duration": 994,
              "state": "passed",
              "speed": "fast",
              "pass": true,
              "fail": false,
              "pending": false,
              "context": null,
              "code": "inventory.sortBy(\"za\");\ninventory.assertNamesSortedZA();",
              "err": {},
              "uuid": "e337c946-cb42-4297-bfbc-97ac5645c2c7",
              "parentUUID": "8598f6ce-2866-4023-827f-9369098c7f0a",
              "isHook": false,
              "skipped": false
            }
          ],
          "suites": [],
          "passes": [
            "e3aebc9c-ff77-4269-aa46-02365c50eace",
            "e337c946-cb42-4297-bfbc-97ac5645c2c7"
          ],
          "failures": [],
          "pending": [],
          "skipped": [],
          "duration": 2095,
          "root": false,
          "rootEmpty": false,
          "_timeout": 2000
        }
      ],
      "passes": [],
      "failures": [],
      "pending": [],
      "skipped": [],
      "duration": 0,
      "root": true,
      "rootEmpty": true,
      "_timeout": 2000
    },
    {
      "uuid": "537c5c64-fe55-4c7b-9cdd-0b8fa2a07c44",
      "title": "",
      "fullFile": "cypress/e2e/auth.cy.js",
      "file": "cypress/e2e/auth.cy.js",
      "beforeHooks": [],
      "afterHooks": [],
      "tests": [],
      "suites": [
        {
          "uuid": "ee224b60-f438-4681-a354-905c1f9fcd0b",
          "title": "Auth - POM",
          "fullFile": "",
          "file": "",
          "beforeHooks": [],
          "afterHooks": [],
          "tests": [
            {
              "title": "logs in as standard user using role helper",
              "fullTitle": "Auth - POM logs in as standard user using role helper",
              "timedOut": null,
              "duration": 2384,
              "state": "passed",
              "speed": "fast",
              "pass": true,
              "fail": false,
              "pending": false,
              "context": null,
              "code": "login.loginAs(\"standard\");\ninventory.assertOnInventory();",
              "err": {},
              "uuid": "b6ace54f-a65d-47a1-895f-89376945fd8e",
              "parentUUID": "ee224b60-f438-4681-a354-905c1f9fcd0b",
              "isHook": false,
              "skipped": false
            },
            {
              "title": "logs out successfully",
              "fullTitle": "Auth - POM logs out successfully",
              "timedOut": null,
              "duration": 1410,
              "state": "passed",
              "speed": "fast",
              "pass": true,
              "fail": false,
              "pending": false,
              "context": null,
              "code": "login.loginAs(\"standard\");\ninventory.assertOnInventory();\ninventory.logout();\nlogin.assertOnLoginPage();",
              "err": {},
              "uuid": "9e92d4cb-cc95-47aa-a1f1-19bef0713137",
              "parentUUID": "ee224b60-f438-4681-a354-905c1f9fcd0b",
              "isHook": false,
              "skipped": false
            },
            {
              "title": "shows error for invalid credentials",
              "fullTitle": "Auth - POM shows error for invalid credentials",
              "timedOut": null,
              "duration": 634,
              "state": "passed",
              "speed": "fast",
              "pass": true,
              "fail": false,
              "pending": false,
              "context": null,
              "code": "login.visit();\nlogin.loginWith(\"wrong\", \"wrong\");\nlogin.assertErrorContains(\"Username and password do not match\");",
              "err": {},
              "uuid": "30e1d87f-0416-4f5f-8096-83777106daac",
              "parentUUID": "ee224b60-f438-4681-a354-905c1f9fcd0b",
              "isHook": false,
              "skipped": false
            },
            {
              "title": "locked out user cannot log in",
              "fullTitle": "Auth - POM locked out user cannot log in",
              "timedOut": null,
              "duration": 825,
              "state": "passed",
              "speed": "fast",
              "pass": true,
              "fail": false,
              "pending": false,
              "context": null,
              "code": "login.loginAs(\"locked\");\nlogin.assertErrorContains(\"Sorry, this user has been locked out\");",
              "err": {},
              "uuid": "a8647988-baf3-43a3-a1fa-6d83a19b2364",
              "parentUUID": "ee224b60-f438-4681-a354-905c1f9fcd0b",
              "isHook": false,
              "skipped": false
            }
          ],
          "suites": [],
          "passes": [
            "b6ace54f-a65d-47a1-895f-89376945fd8e",
            "9e92d4cb-cc95-47aa-a1f1-19bef0713137",
            "30e1d87f-0416-4f5f-8096-83777106daac",
            "a8647988-baf3-43a3-a1fa-6d83a19b2364"
          ],
          "failures": [],
          "pending": [],
          "skipped": [],
          "duration": 5253,
          "root": false,
          "rootEmpty": false,
          "_timeout": 2000
        }
      ],
      "passes": [],
      "failures": [],
      "pending": [],
      "skipped": [],
      "duration": 0,
      "root": true,
      "rootEmpty": true,
      "_timeout": 2000
    },
    {
      "uuid": "d3c32c9c-9533-40e6-90c1-8cbc3fdce203",
      "title": "",
      "fullFile": "cypress/e2e/cart.cy.js",
      "file": "cypress/e2e/cart.cy.js",
      "beforeHooks": [],
      "afterHooks": [],
      "tests": [],
      "suites": [
        {
          "uuid": "0291e6d5-5a38-4dde-b9f0-e97a8348c2cc",
          "title": "Cart - POM",
          "fullFile": "",
          "file": "",
          "beforeHooks": [],
          "afterHooks": [],
          "tests": [
            {
              "title": "adds multiple items and verifies cart",
              "fullTitle": "Cart - POM adds multiple items and verifies cart",
              "timedOut": null,
              "duration": 1229,
              "state": "passed",
              "speed": "fast",
              "pass": true,
              "fail": false,
              "pending": false,
              "context": null,
              "code": "inventory.addItem(\"Sauce Labs Backpack\");\ninventory.addItem(\"Sauce Labs Bike Light\");\ninventory.assertCartBadge(2);\ninventory.openCart();\ncart.assertItemsCount(2);",
              "err": {},
              "uuid": "5c8ecb0e-3ee4-423d-9a22-dd199faf4208",
              "parentUUID": "0291e6d5-5a38-4dde-b9f0-e97a8348c2cc",
              "isHook": false,
              "skipped": false
            }
          ],
          "suites": [],
          "passes": [
            "5c8ecb0e-3ee4-423d-9a22-dd199faf4208"
          ],
          "failures": [],
          "pending": [],
          "skipped": [],
          "duration": 1229,
          "root": false,
          "rootEmpty": false,
          "_timeout": 2000
        }
      ],
      "passes": [],
      "failures": [],
      "pending": [],
      "skipped": [],
      "duration": 0,
      "root": true,
      "rootEmpty": true,
      "_timeout": 2000
    },
    {
      "uuid": "8fc4b765-72b7-467a-9eb5-0a4feb0a1d6d",
      "title": "",
      "fullFile": "cypress/e2e/checkout.cy.js",
      "file": "cypress/e2e/checkout.cy.js",
      "beforeHooks": [],
      "afterHooks": [],
      "tests": [],
      "suites": [
        {
          "uuid": "8357e856-c10d-4e07-bb21-b3d18dbd0c96",
          "title": "Checkout - POM",
          "fullFile": "",
          "file": "",
          "beforeHooks": [],
          "afterHooks": [],
          "tests": [
            {
              "title": "completes checkout flow",
              "fullTitle": "Checkout - POM completes checkout flow",
              "timedOut": null,
              "duration": 2173,
              "state": "passed",
              "speed": "fast",
              "pass": true,
              "fail": false,
              "pending": false,
              "context": null,
              "code": "inventory.addItem(\"Sauce Labs Backpack\");\ninventory.openCart();\ncart.checkout();\ncheckout.fillInfo({\n  firstName: \"Test\",\n  lastName: \"User\",\n  zip: \"60601\"\n});\ncheckout.continue();\ncheckout.finish();\ncheckout.assertOrderComplete();",
              "err": {},
              "uuid": "18ec03f6-fccf-44c6-96a2-e9c69e8a975c",
              "parentUUID": "8357e856-c10d-4e07-bb21-b3d18dbd0c96",
              "isHook": false,
              "skipped": false
            }
          ],
          "suites": [],
          "passes": [
            "18ec03f6-fccf-44c6-96a2-e9c69e8a975c"
          ],
          "failures": [],
          "pending": [],
          "skipped": [],
          "duration": 2173,
          "root": false,
          "rootEmpty": false,
          "_timeout": 2000
        }
      ],
      "passes": [],
      "failures": [],
      "pending": [],
      "skipped": [],
      "duration": 0,
      "root": true,
      "rootEmpty": true,
      "_timeout": 2000
    },
    {
      "uuid": "34603083-cbfb-40ea-b5e5-9430dbaeb34d",
      "title": "",
      "fullFile": "cypress/e2e/inventory.cy.js",
      "file": "cypress/e2e/inventory.cy.js",
      "beforeHooks": [],
      "afterHooks": [],
      "tests": [],
      "suites": [
        {
          "uuid": "f8a9eeec-90d7-46dd-b925-d17f14ba7123",
          "title": "Inventory - POM",
          "fullFile": "",
          "file": "",
          "beforeHooks": [],
          "afterHooks": [],
          "tests": [
            {
              "title": "adds item and shows badge",
              "fullTitle": "Inventory - POM adds item and shows badge",
              "timedOut": null,
              "duration": 1077,
              "state": "passed",
              "speed": "fast",
              "pass": true,
              "fail": false,
              "pending": false,
              "context": null,
              "code": "inventory.addItem(\"Sauce Labs Backpack\");\ninventory.assertCartBadge(1);",
              "err": {},
              "uuid": "da0647fa-edbd-4898-b282-4740c43abf0b",
              "parentUUID": "f8a9eeec-90d7-46dd-b925-d17f14ba7123",
              "isHook": false,
              "skipped": false
            },
            {
              "title": "logs out successfully",
              "fullTitle": "Inventory - POM logs out successfully",
              "timedOut": null,
              "duration": 1422,
              "state": "passed",
              "speed": "fast",
              "pass": true,
              "fail": false,
              "pending": false,
              "context": null,
              "code": "inventory.logout();\nlogin.assertOnLoginPage();",
              "err": {},
              "uuid": "3732e27d-3129-48d2-9bca-d4eb4e6ad60a",
              "parentUUID": "f8a9eeec-90d7-46dd-b925-d17f14ba7123",
              "isHook": false,
              "skipped": false
            }
          ],
          "suites": [],
          "passes": [
            "da0647fa-edbd-4898-b282-4740c43abf0b",
            "3732e27d-3129-48d2-9bca-d4eb4e6ad60a"
          ],
          "failures": [],
          "pending": [],
          "skipped": [],
          "duration": 2499,
          "root": false,
          "rootEmpty": false,
          "_timeout": 2000
        }
      ],
      "passes": [],
      "failures": [],
      "pending": [],
      "skipped": [],
      "duration": 0,
      "root": true,
      "rootEmpty": true,
      "_timeout": 2000
    },
    {
      "uuid": "4a706d6f-bdc4-4220-aab2-fd44a14afdab",
      "title": "",
      "fullFile": "cypress/e2e/login.cy.js",
      "file": "cypress/e2e/login.cy.js",
      "beforeHooks": [],
      "afterHooks": [],
      "tests": [],
      "suites": [
        {
          "uuid": "a61576ae-8f0a-4df2-80f4-c92af2c842ba",
          "title": "Login - POM",
          "fullFile": "",
          "file": "",
          "beforeHooks": [],
          "afterHooks": [],
          "tests": [
            {
              "title": "logs in successfully",
              "fullTitle": "Login - POM logs in successfully",
              "timedOut": null,
              "duration": 1044,
              "state": "passed",
              "speed": "fast",
              "pass": true,
              "fail": false,
              "pending": false,
              "context": null,
              "code": "login.loginAs(\"standard\");\ninventory.assertOnInventory();",
              "err": {},
              "uuid": "b0d3a579-2e58-4833-9b43-8a25de77e9e7",
              "parentUUID": "a61576ae-8f0a-4df2-80f4-c92af2c842ba",
              "isHook": false,
              "skipped": false
            },
            {
              "title": "shows error for invalid credentials",
              "fullTitle": "Login - POM shows error for invalid credentials",
              "timedOut": null,
              "duration": 702,
              "state": "passed",
              "speed": "fast",
              "pass": true,
              "fail": false,
              "pending": false,
              "context": null,
              "code": "login.loginWith(\"wrong\", \"wrong\");\nlogin.assertErrorContains(\"Username and password do not match\");",
              "err": {},
              "uuid": "f0cd3554-72be-4893-909f-884230ad2612",
              "parentUUID": "a61576ae-8f0a-4df2-80f4-c92af2c842ba",
              "isHook": false,
              "skipped": false
            }
          ],
          "suites": [],
          "passes": [
            "b0d3a579-2e58-4833-9b43-8a25de77e9e7",
            "f0cd3554-72be-4893-909f-884230ad2612"
          ],
          "failures": [],
          "pending": [],
          "skipped": [],
          "duration": 1746,
          "root": false,
          "rootEmpty": false,
          "_timeout": 2000
        }
      ],
      "passes": [],
      "failures": [],
      "pending": [],
      "skipped": [],
      "duration": 0,
      "root": true,
      "rootEmpty": true,
      "_timeout": 2000
    },
    {
      "uuid": "68a626fb-9d21-4b54-a52d-461f9aec5a72",
      "title": "",
      "fullFile": "cypress/e2e/navigation.cy.js",
      "file": "cypress/e2e/navigation.cy.js",
      "beforeHooks": [],
      "afterHooks": [],
      "tests": [],
      "suites": [
        {
          "uuid": "c436bdc1-f4bb-44c3-bea1-bdad9301bb39",
          "title": "Navigation - POM",
          "fullFile": "",
          "file": "",
          "beforeHooks": [],
          "afterHooks": [],
          "tests": [
            {
              "title": "navigates to cart and verifies cart page loads",
              "fullTitle": "Navigation - POM navigates to cart and verifies cart page loads",
              "timedOut": null,
              "duration": 1070,
              "state": "passed",
              "speed": "fast",
              "pass": true,
              "fail": false,
              "pending": false,
              "context": null,
              "code": "inventory.openCart();\ncart.assertOnCartPage();",
              "err": {},
              "uuid": "a3d1bb83-3890-4a3a-b418-11667c6f9490",
              "parentUUID": "c436bdc1-f4bb-44c3-bea1-bdad9301bb39",
              "isHook": false,
              "skipped": false
            },
            {
              "title": "adds item -> goes to cart -> sees it in cart",
              "fullTitle": "Navigation - POM adds item -> goes to cart -> sees it in cart",
              "timedOut": null,
              "duration": 1036,
              "state": "passed",
              "speed": "fast",
              "pass": true,
              "fail": false,
              "pending": false,
              "context": null,
              "code": "inventory.addItem(\"Sauce Labs Backpack\");\ninventory.assertCartBadge(1);\ninventory.openCart();\ncart.assertOnCartPage();\ncart.assertItemVisible(\"Sauce Labs Backpack\");",
              "err": {},
              "uuid": "81592a85-3cb9-497f-98fb-f7c5e711c623",
              "parentUUID": "c436bdc1-f4bb-44c3-bea1-bdad9301bb39",
              "isHook": false,
              "skipped": false
            },
            {
              "title": "goes to cart then continues shopping back to inventory",
              "fullTitle": "Navigation - POM goes to cart then continues shopping back to inventory",
              "timedOut": null,
              "duration": 956,
              "state": "passed",
              "speed": "fast",
              "pass": true,
              "fail": false,
              "pending": false,
              "context": null,
              "code": "inventory.openCart();\ncart.assertOnCartPage();\ncart.continueShopping();\ninventory.assertOnInventory();",
              "err": {},
              "uuid": "599dbc52-47d9-4b74-b23c-fa419396f748",
              "parentUUID": "c436bdc1-f4bb-44c3-bea1-bdad9301bb39",
              "isHook": false,
              "skipped": false
            }
          ],
          "suites": [],
          "passes": [
            "a3d1bb83-3890-4a3a-b418-11667c6f9490",
            "81592a85-3cb9-497f-98fb-f7c5e711c623",
            "599dbc52-47d9-4b74-b23c-fa419396f748"
          ],
          "failures": [],
          "pending": [],
          "skipped": [],
          "duration": 3062,
          "root": false,
          "rootEmpty": false,
          "_timeout": 2000
        }
      ],
      "passes": [],
      "failures": [],
      "pending": [],
      "skipped": [],
      "duration": 0,
      "root": true,
      "rootEmpty": true,
      "_timeout": 2000
    },
    {
      "uuid": "ad22f7fb-1328-4a6c-afa6-705d37b046c2",
      "title": "",
      "fullFile": "cypress/e2e/sorting.cy.js",
      "file": "cypress/e2e/sorting.cy.js",
      "beforeHooks": [],
      "afterHooks": [],
      "tests": [],
      "suites": [
        {
          "uuid": "2a9ea062-e2dc-40e5-b319-8426dc12095e",
          "title": "Sorting - POM",
          "fullFile": "",
          "file": "",
          "beforeHooks": [],
          "afterHooks": [],
          "tests": [
            {
              "title": "sorts items A to Z",
              "fullTitle": "Sorting - POM sorts items A to Z",
              "timedOut": null,
              "duration": 1115,
              "state": "passed",
              "speed": "fast",
              "pass": true,
              "fail": false,
              "pending": false,
              "context": null,
              "code": "inventory.sortBy(\"az\");\ninventory.assertNamesSortedAZ();",
              "err": {},
              "uuid": "0a46e30a-868b-4d2f-ad3d-d8be0c165e84",
              "parentUUID": "2a9ea062-e2dc-40e5-b319-8426dc12095e",
              "isHook": false,
              "skipped": false
            },
            {
              "title": "sorts items Z to A",
              "fullTitle": "Sorting - POM sorts items Z to A",
              "timedOut": null,
              "duration": 1001,
              "state": "passed",
              "speed": "fast",
              "pass": true,
              "fail": false,
              "pending": false,
              "context": null,
              "code": "inventory.sortBy(\"za\");\ninventory.assertNamesSortedZA();",
              "err": {},
              "uuid": "bfe0a51c-7d01-410b-92d3-8943c1600e5b",
              "parentUUID": "2a9ea062-e2dc-40e5-b319-8426dc12095e",
              "isHook": false,
              "skipped": false
            }
          ],
          "suites": [],
          "passes": [
            "0a46e30a-868b-4d2f-ad3d-d8be0c165e84",
            "bfe0a51c-7d01-410b-92d3-8943c1600e5b"
          ],
          "failures": [],
          "pending": [],
          "skipped": [],
          "duration": 2116,
          "root": false,
          "rootEmpty": false,
          "_timeout": 2000
        }
      ],
      "passes": [],
      "failures": [],
      "pending": [],
      "skipped": [],
      "duration": 0,
      "root": true,
      "rootEmpty": true,
      "_timeout": 2000
    },
    {
      "uuid": "a083bce3-8863-4a62-a7da-07b5d20d7a14",
      "title": "",
      "fullFile": "cypress/e2e/auth.cy.js",
      "file": "cypress/e2e/auth.cy.js",
      "beforeHooks": [],
      "afterHooks": [],
      "tests": [],
      "suites": [
        {
          "uuid": "39f5a0a3-ba84-4109-b8f5-a8d272e34a64",
          "title": "Auth - POM",
          "fullFile": "",
          "file": "",
          "beforeHooks": [],
          "afterHooks": [],
          "tests": [
            {
              "title": "logs in as standard user using role helper",
              "fullTitle": "Auth - POM logs in as standard user using role helper",
              "timedOut": null,
              "duration": 1282,
              "state": "passed",
              "speed": "fast",
              "pass": true,
              "fail": false,
              "pending": false,
              "context": null,
              "code": "login.loginAs(\"standard\");\ninventory.assertOnInventory();",
              "err": {},
              "uuid": "12170782-b40a-43e0-a5ac-7cfa6029518f",
              "parentUUID": "39f5a0a3-ba84-4109-b8f5-a8d272e34a64",
              "isHook": false,
              "skipped": false
            },
            {
              "title": "logs out successfully",
              "fullTitle": "Auth - POM logs out successfully",
              "timedOut": null,
              "duration": 1403,
              "state": "passed",
              "speed": "fast",
              "pass": true,
              "fail": false,
              "pending": false,
              "context": null,
              "code": "login.loginAs(\"standard\");\ninventory.assertOnInventory();\ninventory.logout();\nlogin.assertOnLoginPage();",
              "err": {},
              "uuid": "7ae8f715-6406-44a8-a01a-5e82a2f1a4cb",
              "parentUUID": "39f5a0a3-ba84-4109-b8f5-a8d272e34a64",
              "isHook": false,
              "skipped": false
            },
            {
              "title": "shows error for invalid credentials",
              "fullTitle": "Auth - POM shows error for invalid credentials",
              "timedOut": null,
              "duration": 625,
              "state": "passed",
              "speed": "fast",
              "pass": true,
              "fail": false,
              "pending": false,
              "context": null,
              "code": "login.visit();\nlogin.loginWith(\"wrong\", \"wrong\");\nlogin.assertErrorContains(\"Username and password do not match\");",
              "err": {},
              "uuid": "474bc577-286f-4c31-aa60-c6b094719f6b",
              "parentUUID": "39f5a0a3-ba84-4109-b8f5-a8d272e34a64",
              "isHook": false,
              "skipped": false
            },
            {
              "title": "locked out user cannot log in",
              "fullTitle": "Auth - POM locked out user cannot log in",
              "timedOut": null,
              "duration": 818,
              "state": "passed",
              "speed": "fast",
              "pass": true,
              "fail": false,
              "pending": false,
              "context": null,
              "code": "login.loginAs(\"locked\");\nlogin.assertErrorContains(\"Sorry, this user has been locked out\");",
              "err": {},
              "uuid": "f4a8bbd0-846b-44ee-b117-4c2d5c419be3",
              "parentUUID": "39f5a0a3-ba84-4109-b8f5-a8d272e34a64",
              "isHook": false,
              "skipped": false
            }
          ],
          "suites": [],
          "passes": [
            "12170782-b40a-43e0-a5ac-7cfa6029518f",
            "7ae8f715-6406-44a8-a01a-5e82a2f1a4cb",
            "474bc577-286f-4c31-aa60-c6b094719f6b",
            "f4a8bbd0-846b-44ee-b117-4c2d5c419be3"
          ],
          "failures": [],
          "pending": [],
          "skipped": [],
          "duration": 4128,
          "root": false,
          "rootEmpty": false,
          "_timeout": 2000
        }
      ],
      "passes": [],
      "failures": [],
      "pending": [],
      "skipped": [],
      "duration": 0,
      "root": true,
      "rootEmpty": true,
      "_timeout": 2000
    },
    {
      "uuid": "e20804f3-c124-4e8c-a945-834c01e1e014",
      "title": "",
      "fullFile": "cypress/e2e/cart.cy.js",
      "file": "cypress/e2e/cart.cy.js",
      "beforeHooks": [],
      "afterHooks": [],
      "tests": [],
      "suites": [
        {
          "uuid": "b6e1a3d1-d47c-41ae-97ac-8a4303d05f11",
          "title": "Cart - POM",
          "fullFile": "",
          "file": "",
          "beforeHooks": [],
          "afterHooks": [],
          "tests": [
            {
              "title": "adds multiple items and verifies cart",
              "fullTitle": "Cart - POM adds multiple items and verifies cart",
              "timedOut": null,
              "duration": 1230,
              "state": "passed",
              "speed": "fast",
              "pass": true,
              "fail": false,
              "pending": false,
              "context": null,
              "code": "inventory.addItem(\"Sauce Labs Backpack\");\ninventory.addItem(\"Sauce Labs Bike Light\");\ninventory.assertCartBadge(2);\ninventory.openCart();\ncart.assertItemsCount(2);",
              "err": {},
              "uuid": "db87cd8f-8b68-4dce-98ed-cf996a3cdc97",
              "parentUUID": "b6e1a3d1-d47c-41ae-97ac-8a4303d05f11",
              "isHook": false,
              "skipped": false
            }
          ],
          "suites": [],
          "passes": [
            "db87cd8f-8b68-4dce-98ed-cf996a3cdc97"
          ],
          "failures": [],
          "pending": [],
          "skipped": [],
          "duration": 1230,
          "root": false,
          "rootEmpty": false,
          "_timeout": 2000
        }
      ],
      "passes": [],
      "failures": [],
      "pending": [],
      "skipped": [],
      "duration": 0,
      "root": true,
      "rootEmpty": true,
      "_timeout": 2000
    },
    {
      "uuid": "5d8802e6-c68d-4a08-a186-7e773e808663",
      "title": "",
      "fullFile": "cypress/e2e/checkout.cy.js",
      "file": "cypress/e2e/checkout.cy.js",
      "beforeHooks": [],
      "afterHooks": [],
      "tests": [],
      "suites": [
        {
          "uuid": "ec5f87e6-2d95-4e82-b1d6-804141884391",
          "title": "Checkout - POM",
          "fullFile": "",
          "file": "",
          "beforeHooks": [],
          "afterHooks": [],
          "tests": [
            {
              "title": "completes checkout flow",
              "fullTitle": "Checkout - POM completes checkout flow",
              "timedOut": null,
              "duration": 2132,
              "state": "passed",
              "speed": "fast",
              "pass": true,
              "fail": false,
              "pending": false,
              "context": null,
              "code": "inventory.addItem(\"Sauce Labs Backpack\");\ninventory.openCart();\ncart.checkout();\ncheckout.fillInfo({\n  firstName: \"Test\",\n  lastName: \"User\",\n  zip: \"60601\"\n});\ncheckout.continue();\ncheckout.finish();\ncheckout.assertOrderComplete();",
              "err": {},
              "uuid": "609f6d82-5744-4f47-92a3-23c111e72f41",
              "parentUUID": "ec5f87e6-2d95-4e82-b1d6-804141884391",
              "isHook": false,
              "skipped": false
            }
          ],
          "suites": [],
          "passes": [
            "609f6d82-5744-4f47-92a3-23c111e72f41"
          ],
          "failures": [],
          "pending": [],
          "skipped": [],
          "duration": 2132,
          "root": false,
          "rootEmpty": false,
          "_timeout": 2000
        }
      ],
      "passes": [],
      "failures": [],
      "pending": [],
      "skipped": [],
      "duration": 0,
      "root": true,
      "rootEmpty": true,
      "_timeout": 2000
    },
    {
      "uuid": "33c65cde-fd22-4389-8715-93269b6ee3e5",
      "title": "",
      "fullFile": "cypress/e2e/inventory.cy.js",
      "file": "cypress/e2e/inventory.cy.js",
      "beforeHooks": [],
      "afterHooks": [],
      "tests": [],
      "suites": [
        {
          "uuid": "23e57646-30a6-4fcd-903e-edca3ff7ca06",
          "title": "Inventory - POM",
          "fullFile": "",
          "file": "",
          "beforeHooks": [],
          "afterHooks": [],
          "tests": [
            {
              "title": "adds item and shows badge",
              "fullTitle": "Inventory - POM adds item and shows badge",
              "timedOut": null,
              "duration": 1089,
              "state": "passed",
              "speed": "fast",
              "pass": true,
              "fail": false,
              "pending": false,
              "context": null,
              "code": "inventory.addItem(\"Sauce Labs Backpack\");\ninventory.assertCartBadge(1);",
              "err": {},
              "uuid": "2c5785fb-b3a2-483e-b9ca-3a14c83be6fc",
              "parentUUID": "23e57646-30a6-4fcd-903e-edca3ff7ca06",
              "isHook": false,
              "skipped": false
            },
            {
              "title": "logs out successfully",
              "fullTitle": "Inventory - POM logs out successfully",
              "timedOut": null,
              "duration": 1363,
              "state": "passed",
              "speed": "fast",
              "pass": true,
              "fail": false,
              "pending": false,
              "context": null,
              "code": "inventory.logout();\nlogin.assertOnLoginPage();",
              "err": {},
              "uuid": "aa94f8ed-eff8-4f05-9d95-b2b9e47174b5",
              "parentUUID": "23e57646-30a6-4fcd-903e-edca3ff7ca06",
              "isHook": false,
              "skipped": false
            }
          ],
          "suites": [],
          "passes": [
            "2c5785fb-b3a2-483e-b9ca-3a14c83be6fc",
            "aa94f8ed-eff8-4f05-9d95-b2b9e47174b5"
          ],
          "failures": [],
          "pending": [],
          "skipped": [],
          "duration": 2452,
          "root": false,
          "rootEmpty": false,
          "_timeout": 2000
        }
      ],
      "passes": [],
      "failures": [],
      "pending": [],
      "skipped": [],
      "duration": 0,
      "root": true,
      "rootEmpty": true,
      "_timeout": 2000
    },
    {
      "uuid": "0561ab2b-544c-46b6-a363-51a36402c895",
      "title": "",
      "fullFile": "cypress/e2e/login.cy.js",
      "file": "cypress/e2e/login.cy.js",
      "beforeHooks": [],
      "afterHooks": [],
      "tests": [],
      "suites": [
        {
          "uuid": "8bbcff75-5b63-4855-b2f5-ba11492b869a",
          "title": "Login - POM",
          "fullFile": "",
          "file": "",
          "beforeHooks": [],
          "afterHooks": [],
          "tests": [
            {
              "title": "logs in successfully",
              "fullTitle": "Login - POM logs in successfully",
              "timedOut": null,
              "duration": 1037,
              "state": "passed",
              "speed": "fast",
              "pass": true,
              "fail": false,
              "pending": false,
              "context": null,
              "code": "login.loginAs(\"standard\");\ninventory.assertOnInventory();",
              "err": {},
              "uuid": "6088e418-b19e-4032-80a7-c828a2b7d55d",
              "parentUUID": "8bbcff75-5b63-4855-b2f5-ba11492b869a",
              "isHook": false,
              "skipped": false
            },
            {
              "title": "shows error for invalid credentials",
              "fullTitle": "Login - POM shows error for invalid credentials",
              "timedOut": null,
              "duration": 706,
              "state": "passed",
              "speed": "fast",
              "pass": true,
              "fail": false,
              "pending": false,
              "context": null,
              "code": "login.loginWith(\"wrong\", \"wrong\");\nlogin.assertErrorContains(\"Username and password do not match\");",
              "err": {},
              "uuid": "763db0ce-9e88-4685-aa5d-7dbb7ac9f7d4",
              "parentUUID": "8bbcff75-5b63-4855-b2f5-ba11492b869a",
              "isHook": false,
              "skipped": false
            }
          ],
          "suites": [],
          "passes": [
            "6088e418-b19e-4032-80a7-c828a2b7d55d",
            "763db0ce-9e88-4685-aa5d-7dbb7ac9f7d4"
          ],
          "failures": [],
          "pending": [],
          "skipped": [],
          "duration": 1743,
          "root": false,
          "rootEmpty": false,
          "_timeout": 2000
        }
      ],
      "passes": [],
      "failures": [],
      "pending": [],
      "skipped": [],
      "duration": 0,
      "root": true,
      "rootEmpty": true,
      "_timeout": 2000
    },
    {
      "uuid": "2a183445-8e78-40a4-b60a-104e5adba9bc",
      "title": "",
      "fullFile": "cypress/e2e/navigation.cy.js",
      "file": "cypress/e2e/navigation.cy.js",
      "beforeHooks": [],
      "afterHooks": [],
      "tests": [],
      "suites": [
        {
          "uuid": "3074ee76-3dce-4233-a85c-6f88d738c8cb",
          "title": "Navigation - POM",
          "fullFile": "",
          "file": "",
          "beforeHooks": [],
          "afterHooks": [],
          "tests": [
            {
              "title": "navigates to cart and verifies cart page loads",
              "fullTitle": "Navigation - POM navigates to cart and verifies cart page loads",
              "timedOut": null,
              "duration": 1074,
              "state": "passed",
              "speed": "fast",
              "pass": true,
              "fail": false,
              "pending": false,
              "context": null,
              "code": "inventory.openCart();\ncart.assertOnCartPage();",
              "err": {},
              "uuid": "301c96d9-f88d-4e14-8aa7-023eb0152543",
              "parentUUID": "3074ee76-3dce-4233-a85c-6f88d738c8cb",
              "isHook": false,
              "skipped": false
            },
            {
              "title": "adds item -> goes to cart -> sees it in cart",
              "fullTitle": "Navigation - POM adds item -> goes to cart -> sees it in cart",
              "timedOut": null,
              "duration": 1055,
              "state": "passed",
              "speed": "fast",
              "pass": true,
              "fail": false,
              "pending": false,
              "context": null,
              "code": "inventory.addItem(\"Sauce Labs Backpack\");\ninventory.assertCartBadge(1);\ninventory.openCart();\ncart.assertOnCartPage();\ncart.assertItemVisible(\"Sauce Labs Backpack\");",
              "err": {},
              "uuid": "3c221e0d-62a9-40e6-85b9-93bf9de9c22f",
              "parentUUID": "3074ee76-3dce-4233-a85c-6f88d738c8cb",
              "isHook": false,
              "skipped": false
            },
            {
              "title": "goes to cart then continues shopping back to inventory",
              "fullTitle": "Navigation - POM goes to cart then continues shopping back to inventory",
              "timedOut": null,
              "duration": 973,
              "state": "passed",
              "speed": "fast",
              "pass": true,
              "fail": false,
              "pending": false,
              "context": null,
              "code": "inventory.openCart();\ncart.assertOnCartPage();\ncart.continueShopping();\ninventory.assertOnInventory();",
              "err": {},
              "uuid": "309bc47a-234b-4a9d-a614-adc577996f96",
              "parentUUID": "3074ee76-3dce-4233-a85c-6f88d738c8cb",
              "isHook": false,
              "skipped": false
            }
          ],
          "suites": [],
          "passes": [
            "301c96d9-f88d-4e14-8aa7-023eb0152543",
            "3c221e0d-62a9-40e6-85b9-93bf9de9c22f",
            "309bc47a-234b-4a9d-a614-adc577996f96"
          ],
          "failures": [],
          "pending": [],
          "skipped": [],
          "duration": 3102,
          "root": false,
          "rootEmpty": false,
          "_timeout": 2000
        }
      ],
      "passes": [],
      "failures": [],
      "pending": [],
      "skipped": [],
      "duration": 0,
      "root": true,
      "rootEmpty": true,
      "_timeout": 2000
    },
    {
      "uuid": "cb072e34-b928-4116-aa72-b33a268b5e84",
      "title": "",
      "fullFile": "cypress/e2e/sorting.cy.js",
      "file": "cypress/e2e/sorting.cy.js",
      "beforeHooks": [],
      "afterHooks": [],
      "tests": [],
      "suites": [
        {
          "uuid": "35449e44-4fba-4b53-8e9f-9be87e55efe0",
          "title": "Sorting - POM",
          "fullFile": "",
          "file": "",
          "beforeHooks": [],
          "afterHooks": [],
          "tests": [
            {
              "title": "sorts items A to Z",
              "fullTitle": "Sorting - POM sorts items A to Z",
              "timedOut": null,
              "duration": 1193,
              "state": "passed",
              "speed": "fast",
              "pass": true,
              "fail": false,
              "pending": false,
              "context": null,
              "code": "inventory.sortBy(\"az\");\ninventory.assertNamesSortedAZ();",
              "err": {},
              "uuid": "8225ccee-894b-4c4b-892d-f0a58b6d07f5",
              "parentUUID": "35449e44-4fba-4b53-8e9f-9be87e55efe0",
              "isHook": false,
              "skipped": false
            },
            {
              "title": "sorts items Z to A",
              "fullTitle": "Sorting - POM sorts items Z to A",
              "timedOut": null,
              "duration": 1011,
              "state": "passed",
              "speed": "fast",
              "pass": true,
              "fail": false,
              "pending": false,
              "context": null,
              "code": "inventory.sortBy(\"za\");\ninventory.assertNamesSortedZA();",
              "err": {},
              "uuid": "715f94dd-4e00-4b7b-95b7-4a5b51de3469",
              "parentUUID": "35449e44-4fba-4b53-8e9f-9be87e55efe0",
              "isHook": false,
              "skipped": false
            }
          ],
          "suites": [],
          "passes": [
            "8225ccee-894b-4c4b-892d-f0a58b6d07f5",
            "715f94dd-4e00-4b7b-95b7-4a5b51de3469"
          ],
          "failures": [],
          "pending": [],
          "skipped": [],
          "duration": 2204,
          "root": false,
          "rootEmpty": false,
          "_timeout": 2000
        }
      ],
      "passes": [],
      "failures": [],
      "pending": [],
      "skipped": [],
      "duration": 0,
      "root": true,
      "rootEmpty": true,
      "_timeout": 2000
    },
    {
      "uuid": "acdece11-a15a-4cd5-bc7b-6271f8502fbc",
      "title": "",
      "fullFile": "cypress/e2e/auth.cy.js",
      "file": "cypress/e2e/auth.cy.js",
      "beforeHooks": [],
      "afterHooks": [],
      "tests": [],
      "suites": [
        {
          "uuid": "316f3313-b8c0-47e9-8220-6f79d562743b",
          "title": "Auth - POM",
          "fullFile": "",
          "file": "",
          "beforeHooks": [],
          "afterHooks": [],
          "tests": [
            {
              "title": "logs in as standard user using role helper",
              "fullTitle": "Auth - POM logs in as standard user using role helper",
              "timedOut": null,
              "duration": 1430,
              "state": "passed",
              "speed": "fast",
              "pass": true,
              "fail": false,
              "pending": false,
              "context": null,
              "code": "login.loginAs(\"standard\");\ninventory.assertOnInventory();",
              "err": {},
              "uuid": "a4e6ed42-d5e9-4d0c-b157-16de5e1bcd8a",
              "parentUUID": "316f3313-b8c0-47e9-8220-6f79d562743b",
              "isHook": false,
              "skipped": false
            },
            {
              "title": "logs out successfully",
              "fullTitle": "Auth - POM logs out successfully",
              "timedOut": null,
              "duration": 1428,
              "state": "passed",
              "speed": "fast",
              "pass": true,
              "fail": false,
              "pending": false,
              "context": null,
              "code": "login.loginAs(\"standard\");\ninventory.assertOnInventory();\ninventory.logout();\nlogin.assertOnLoginPage();",
              "err": {},
              "uuid": "8a86dccb-f4d8-41bd-9c75-3084d871cf6d",
              "parentUUID": "316f3313-b8c0-47e9-8220-6f79d562743b",
              "isHook": false,
              "skipped": false
            },
            {
              "title": "shows error for invalid credentials",
              "fullTitle": "Auth - POM shows error for invalid credentials",
              "timedOut": null,
              "duration": 863,
              "state": "passed",
              "speed": "fast",
              "pass": true,
              "fail": false,
              "pending": false,
              "context": null,
              "code": "login.visit();\nlogin.loginWith(\"wrong\", \"wrong\");\nlogin.assertErrorContains(\"Username and password do not match\");",
              "err": {},
              "uuid": "32c89486-a1a9-4dfd-b36e-e040a03ecf4f",
              "parentUUID": "316f3313-b8c0-47e9-8220-6f79d562743b",
              "isHook": false,
              "skipped": false
            },
            {
              "title": "locked out user cannot log in",
              "fullTitle": "Auth - POM locked out user cannot log in",
              "timedOut": null,
              "duration": 870,
              "state": "passed",
              "speed": "fast",
              "pass": true,
              "fail": false,
              "pending": false,
              "context": null,
              "code": "login.loginAs(\"locked\");\nlogin.assertErrorContains(\"Sorry, this user has been locked out\");",
              "err": {},
              "uuid": "9f58065a-1b24-4aaf-b1af-ba29a29c400d",
              "parentUUID": "316f3313-b8c0-47e9-8220-6f79d562743b",
              "isHook": false,
              "skipped": false
            }
          ],
          "suites": [],
          "passes": [
            "a4e6ed42-d5e9-4d0c-b157-16de5e1bcd8a",
            "8a86dccb-f4d8-41bd-9c75-3084d871cf6d",
            "32c89486-a1a9-4dfd-b36e-e040a03ecf4f",
            "9f58065a-1b24-4aaf-b1af-ba29a29c400d"
          ],
          "failures": [],
          "pending": [],
          "skipped": [],
          "duration": 4591,
          "root": false,
          "rootEmpty": false,
          "_timeout": 2000
        }
      ],
      "passes": [],
      "failures": [],
      "pending": [],
      "skipped": [],
      "duration": 0,
      "root": true,
      "rootEmpty": true,
      "_timeout": 2000
    }
  ],
  "meta": {
    "mocha": {
      "version": "7.2.0"
    },
    "mochawesome": {
      "options": {
        "quiet": false,
        "reportFilename": "mochawesome",
        "saveHtml": false,
        "saveJson": true,
        "consoleReporter": "spec",
        "useInlineDiffs": false,
        "code": true
      },
      "version": "7.1.4"
    },
    "marge": {
      "options": {
        "reportDir": "cypress/reports/mochawesome",
        "overwrite": false,
        "html": false,
        "json": true,
        "charts": true,
        "reportPageTitle": "Cypress Test Report",
        "embeddedScreenshots": true,
        "inlineAssets": true
      },
      "version": "6.3.2"
    }
  }
}