{
  "stats": {
    "suites": 7,
    "tests": 15,
    "passes": 15,
    "pending": 0,
    "failures": 0,
    "testsRegistered": 15,
    "passPercent": 100,
    "pendingPercent": 0,
    "other": 0,
    "hasOther": false,
    "skipped": 0,
    "hasSkipped": false,
    "start": "2026-03-05T16:39:36.501Z",
    "end": "2026-03-05T16:40:07.883Z",
    "duration": 31382
  },
  "results": [
    {
      "uuid": "acdece11-a15a-4cd5-bc7b-6271f8502fbc",
      "title": "",
      "fullFile": "cypress/e2e/auth.cy.js",
      "file": "cypress/e2e/auth.cy.js",
      "beforeHooks": [],
      "afterHooks": [],
      "tests": [],
      "suites": [
        {
          "uuid": "316f3313-b8c0-47e9-8220-6f79d562743b",
          "title": "Auth - POM",
          "fullFile": "",
          "file": "",
          "beforeHooks": [],
          "afterHooks": [],
          "tests": [
            {
              "title": "logs in as standard user using role helper",
              "fullTitle": "Auth - POM logs in as standard user using role helper",
              "timedOut": null,
              "duration": 1430,
              "state": "passed",
              "speed": "fast",
              "pass": true,
              "fail": false,
              "pending": false,
              "context": null,
              "code": "login.loginAs(\"standard\");\ninventory.assertOnInventory();",
              "err": {},
              "uuid": "a4e6ed42-d5e9-4d0c-b157-16de5e1bcd8a",
              "parentUUID": "316f3313-b8c0-47e9-8220-6f79d562743b",
              "isHook": false,
              "skipped": false
            },
            {
              "title": "logs out successfully",
              "fullTitle": "Auth - POM logs out successfully",
              "timedOut": null,
              "duration": 1428,
              "state": "passed",
              "speed": "fast",
              "pass": true,
              "fail": false,
              "pending": false,
              "context": null,
              "code": "login.loginAs(\"standard\");\ninventory.assertOnInventory();\ninventory.logout();\nlogin.assertOnLoginPage();",
              "err": {},
              "uuid": "8a86dccb-f4d8-41bd-9c75-3084d871cf6d",
              "parentUUID": "316f3313-b8c0-47e9-8220-6f79d562743b",
              "isHook": false,
              "skipped": false
            },
            {
              "title": "shows error for invalid credentials",
              "fullTitle": "Auth - POM shows error for invalid credentials",
              "timedOut": null,
              "duration": 863,
              "state": "passed",
              "speed": "fast",
              "pass": true,
              "fail": false,
              "pending": false,
              "context": null,
              "code": "login.visit();\nlogin.loginWith(\"wrong\", \"wrong\");\nlogin.assertErrorContains(\"Username and password do not match\");",
              "err": {},
              "uuid": "32c89486-a1a9-4dfd-b36e-e040a03ecf4f",
              "parentUUID": "316f3313-b8c0-47e9-8220-6f79d562743b",
              "isHook": false,
              "skipped": false
            },
            {
              "title": "locked out user cannot log in",
              "fullTitle": "Auth - POM locked out user cannot log in",
              "timedOut": null,
              "duration": 870,
              "state": "passed",
              "speed": "fast",
              "pass": true,
              "fail": false,
              "pending": false,
              "context": null,
              "code": "login.loginAs(\"locked\");\nlogin.assertErrorContains(\"Sorry, this user has been locked out\");",
              "err": {},
              "uuid": "9f58065a-1b24-4aaf-b1af-ba29a29c400d",
              "parentUUID": "316f3313-b8c0-47e9-8220-6f79d562743b",
              "isHook": false,
              "skipped": false
            }
          ],
          "suites": [],
          "passes": [
            "a4e6ed42-d5e9-4d0c-b157-16de5e1bcd8a",
            "8a86dccb-f4d8-41bd-9c75-3084d871cf6d",
            "32c89486-a1a9-4dfd-b36e-e040a03ecf4f",
            "9f58065a-1b24-4aaf-b1af-ba29a29c400d"
          ],
          "failures": [],
          "pending": [],
          "skipped": [],
          "duration": 4591,
          "root": false,
          "rootEmpty": false,
          "_timeout": 2000
        }
      ],
      "passes": [],
      "failures": [],
      "pending": [],
      "skipped": [],
      "duration": 0,
      "root": true,
      "rootEmpty": true,
      "_timeout": 2000
    },
    {
      "uuid": "2b514ac5-0440-4044-86a8-5fad41fbdbbc",
      "title": "",
      "fullFile": "cypress/e2e/cart.cy.js",
      "file": "cypress/e2e/cart.cy.js",
      "beforeHooks": [],
      "afterHooks": [],
      "tests": [],
      "suites": [
        {
          "uuid": "2b139b98-0cb0-4379-bf8b-ca8f19079d98",
          "title": "Cart - POM",
          "fullFile": "",
          "file": "",
          "beforeHooks": [],
          "afterHooks": [],
          "tests": [
            {
              "title": "adds multiple items and verifies cart",
              "fullTitle": "Cart - POM adds multiple items and verifies cart",
              "timedOut": null,
              "duration": 1282,
              "state": "passed",
              "speed": "fast",
              "pass": true,
              "fail": false,
              "pending": false,
              "context": null,
              "code": "inventory.addItem(\"Sauce Labs Backpack\");\ninventory.addItem(\"Sauce Labs Bike Light\");\ninventory.assertCartBadge(2);\ninventory.openCart();\ncart.assertItemsCount(2);",
              "err": {},
              "uuid": "4abf5f7b-ffe1-44a1-b25f-144e2d8d0916",
              "parentUUID": "2b139b98-0cb0-4379-bf8b-ca8f19079d98",
              "isHook": false,
              "skipped": false
            }
          ],
          "suites": [],
          "passes": [
            "4abf5f7b-ffe1-44a1-b25f-144e2d8d0916"
          ],
          "failures": [],
          "pending": [],
          "skipped": [],
          "duration": 1282,
          "root": false,
          "rootEmpty": false,
          "_timeout": 2000
        }
      ],
      "passes": [],
      "failures": [],
      "pending": [],
      "skipped": [],
      "duration": 0,
      "root": true,
      "rootEmpty": true,
      "_timeout": 2000
    },
    {
      "uuid": "e7d134ea-610f-41d7-b6f1-38c00eb51659",
      "title": "",
      "fullFile": "cypress/e2e/checkout.cy.js",
      "file": "cypress/e2e/checkout.cy.js",
      "beforeHooks": [],
      "afterHooks": [],
      "tests": [],
      "suites": [
        {
          "uuid": "2c65cf60-65ec-462e-b2d8-75e848448b19",
          "title": "Checkout - POM",
          "fullFile": "",
          "file": "",
          "beforeHooks": [],
          "afterHooks": [],
          "tests": [
            {
              "title": "completes checkout flow",
              "fullTitle": "Checkout - POM completes checkout flow",
              "timedOut": null,
              "duration": 2193,
              "state": "passed",
              "speed": "fast",
              "pass": true,
              "fail": false,
              "pending": false,
              "context": null,
              "code": "inventory.addItem(\"Sauce Labs Backpack\");\ninventory.openCart();\ncart.checkout();\ncheckout.fillInfo({\n  firstName: \"Test\",\n  lastName: \"User\",\n  zip: \"60601\"\n});\ncheckout.continue();\ncheckout.finish();\ncheckout.assertOrderComplete();",
              "err": {},
              "uuid": "44abc386-d9ae-4cba-8ca0-347ee368ea2a",
              "parentUUID": "2c65cf60-65ec-462e-b2d8-75e848448b19",
              "isHook": false,
              "skipped": false
            }
          ],
          "suites": [],
          "passes": [
            "44abc386-d9ae-4cba-8ca0-347ee368ea2a"
          ],
          "failures": [],
          "pending": [],
          "skipped": [],
          "duration": 2193,
          "root": false,
          "rootEmpty": false,
          "_timeout": 2000
        }
      ],
      "passes": [],
      "failures": [],
      "pending": [],
      "skipped": [],
      "duration": 0,
      "root": true,
      "rootEmpty": true,
      "_timeout": 2000
    },
    {
      "uuid": "a0e91254-228a-4de3-b38f-e71557cbdcd3",
      "title": "",
      "fullFile": "cypress/e2e/inventory.cy.js",
      "file": "cypress/e2e/inventory.cy.js",
      "beforeHooks": [],
      "afterHooks": [],
      "tests": [],
      "suites": [
        {
          "uuid": "dfe7bb8c-15c6-425f-a41d-f85227307fdf",
          "title": "Inventory - POM",
          "fullFile": "",
          "file": "",
          "beforeHooks": [],
          "afterHooks": [],
          "tests": [
            {
              "title": "adds item and shows badge",
              "fullTitle": "Inventory - POM adds item and shows badge",
              "timedOut": null,
              "duration": 1109,
              "state": "passed",
              "speed": "fast",
              "pass": true,
              "fail": false,
              "pending": false,
              "context": null,
              "code": "inventory.addItem(\"Sauce Labs Backpack\");\ninventory.assertCartBadge(1);",
              "err": {},
              "uuid": "e19ab436-e2bc-4c93-9b77-e3954c0f5fb5",
              "parentUUID": "dfe7bb8c-15c6-425f-a41d-f85227307fdf",
              "isHook": false,
              "skipped": false
            },
            {
              "title": "logs out successfully",
              "fullTitle": "Inventory - POM logs out successfully",
              "timedOut": null,
              "duration": 1457,
              "state": "passed",
              "speed": "fast",
              "pass": true,
              "fail": false,
              "pending": false,
              "context": null,
              "code": "inventory.logout();\nlogin.assertOnLoginPage();",
              "err": {},
              "uuid": "49a51bda-0f73-47b4-9c8b-83f59e6e18f5",
              "parentUUID": "dfe7bb8c-15c6-425f-a41d-f85227307fdf",
              "isHook": false,
              "skipped": false
            }
          ],
          "suites": [],
          "passes": [
            "e19ab436-e2bc-4c93-9b77-e3954c0f5fb5",
            "49a51bda-0f73-47b4-9c8b-83f59e6e18f5"
          ],
          "failures": [],
          "pending": [],
          "skipped": [],
          "duration": 2566,
          "root": false,
          "rootEmpty": false,
          "_timeout": 2000
        }
      ],
      "passes": [],
      "failures": [],
      "pending": [],
      "skipped": [],
      "duration": 0,
      "root": true,
      "rootEmpty": true,
      "_timeout": 2000
    },
    {
      "uuid": "8868cdb2-99af-4492-a03f-392160474af4",
      "title": "",
      "fullFile": "cypress/e2e/login.cy.js",
      "file": "cypress/e2e/login.cy.js",
      "beforeHooks": [],
      "afterHooks": [],
      "tests": [],
      "suites": [
        {
          "uuid": "9f91b861-31d1-47c1-a7c0-baffef520634",
          "title": "Login - POM",
          "fullFile": "",
          "file": "",
          "beforeHooks": [],
          "afterHooks": [],
          "tests": [
            {
              "title": "logs in successfully",
              "fullTitle": "Login - POM logs in successfully",
              "timedOut": null,
              "duration": 1025,
              "state": "passed",
              "speed": "fast",
              "pass": true,
              "fail": false,
              "pending": false,
              "context": null,
              "code": "login.loginAs(\"standard\");\ninventory.assertOnInventory();",
              "err": {},
              "uuid": "7b06d03e-84d4-4926-9194-2327425c4493",
              "parentUUID": "9f91b861-31d1-47c1-a7c0-baffef520634",
              "isHook": false,
              "skipped": false
            },
            {
              "title": "shows error for invalid credentials",
              "fullTitle": "Login - POM shows error for invalid credentials",
              "timedOut": null,
              "duration": 752,
              "state": "passed",
              "speed": "fast",
              "pass": true,
              "fail": false,
              "pending": false,
              "context": null,
              "code": "login.loginWith(\"wrong\", \"wrong\");\nlogin.assertErrorContains(\"Username and password do not match\");",
              "err": {},
              "uuid": "dcb97060-510c-4ab3-b235-34ed7c35158f",
              "parentUUID": "9f91b861-31d1-47c1-a7c0-baffef520634",
              "isHook": false,
              "skipped": false
            }
          ],
          "suites": [],
          "passes": [
            "7b06d03e-84d4-4926-9194-2327425c4493",
            "dcb97060-510c-4ab3-b235-34ed7c35158f"
          ],
          "failures": [],
          "pending": [],
          "skipped": [],
          "duration": 1777,
          "root": false,
          "rootEmpty": false,
          "_timeout": 2000
        }
      ],
      "passes": [],
      "failures": [],
      "pending": [],
      "skipped": [],
      "duration": 0,
      "root": true,
      "rootEmpty": true,
      "_timeout": 2000
    },
    {
      "uuid": "cd742fa9-0436-4c41-a68c-4311a3e788df",
      "title": "",
      "fullFile": "cypress/e2e/navigation.cy.js",
      "file": "cypress/e2e/navigation.cy.js",
      "beforeHooks": [],
      "afterHooks": [],
      "tests": [],
      "suites": [
        {
          "uuid": "2102e064-5f54-4112-ab09-0f77c239d02b",
          "title": "Navigation - POM",
          "fullFile": "",
          "file": "",
          "beforeHooks": [],
          "afterHooks": [],
          "tests": [
            {
              "title": "navigates to cart and verifies cart page loads",
              "fullTitle": "Navigation - POM navigates to cart and verifies cart page loads",
              "timedOut": null,
              "duration": 1080,
              "state": "passed",
              "speed": "fast",
              "pass": true,
              "fail": false,
              "pending": false,
              "context": null,
              "code": "inventory.openCart();\ncart.assertOnCartPage();",
              "err": {},
              "uuid": "a3b730b3-9068-413e-9341-95b6c1de5a4e",
              "parentUUID": "2102e064-5f54-4112-ab09-0f77c239d02b",
              "isHook": false,
              "skipped": false
            },
            {
              "title": "adds item -> goes to cart -> sees it in cart",
              "fullTitle": "Navigation - POM adds item -> goes to cart -> sees it in cart",
              "timedOut": null,
              "duration": 1193,
              "state": "passed",
              "speed": "fast",
              "pass": true,
              "fail": false,
              "pending": false,
              "context": null,
              "code": "inventory.addItem(\"Sauce Labs Backpack\");\ninventory.assertCartBadge(1);\ninventory.openCart();\ncart.assertOnCartPage();\ncart.assertItemVisible(\"Sauce Labs Backpack\");",
              "err": {},
              "uuid": "4adeef8d-dc5e-4925-b327-cff351fba3f1",
              "parentUUID": "2102e064-5f54-4112-ab09-0f77c239d02b",
              "isHook": false,
              "skipped": false
            },
            {
              "title": "goes to cart then continues shopping back to inventory",
              "fullTitle": "Navigation - POM goes to cart then continues shopping back to inventory",
              "timedOut": null,
              "duration": 997,
              "state": "passed",
              "speed": "fast",
              "pass": true,
              "fail": false,
              "pending": false,
              "context": null,
              "code": "inventory.openCart();\ncart.assertOnCartPage();\ncart.continueShopping();\ninventory.assertOnInventory();",
              "err": {},
              "uuid": "30cd3841-1976-4821-9a24-41822f246377",
              "parentUUID": "2102e064-5f54-4112-ab09-0f77c239d02b",
              "isHook": false,
              "skipped": false
            }
          ],
          "suites": [],
          "passes": [
            "a3b730b3-9068-413e-9341-95b6c1de5a4e",
            "4adeef8d-dc5e-4925-b327-cff351fba3f1",
            "30cd3841-1976-4821-9a24-41822f246377"
          ],
          "failures": [],
          "pending": [],
          "skipped": [],
          "duration": 3270,
          "root": false,
          "rootEmpty": false,
          "_timeout": 2000
        }
      ],
      "passes": [],
      "failures": [],
      "pending": [],
      "skipped": [],
      "duration": 0,
      "root": true,
      "rootEmpty": true,
      "_timeout": 2000
    },
    {
      "uuid": "58eb231b-cc75-4678-829c-8397dd0101e4",
      "title": "",
      "fullFile": "cypress/e2e/sorting.cy.js",
      "file": "cypress/e2e/sorting.cy.js",
      "beforeHooks": [],
      "afterHooks": [],
      "tests": [],
      "suites": [
        {
          "uuid": "a978ea08-8b4e-4d19-bf51-d87966a39ad7",
          "title": "Sorting - POM",
          "fullFile": "",
          "file": "",
          "beforeHooks": [],
          "afterHooks": [],
          "tests": [
            {
              "title": "sorts items A to Z",
              "fullTitle": "Sorting - POM sorts items A to Z",
              "timedOut": null,
              "duration": 1115,
              "state": "passed",
              "speed": "fast",
              "pass": true,
              "fail": false,
              "pending": false,
              "context": null,
              "code": "inventory.sortBy(\"az\");\ninventory.assertNamesSortedAZ();",
              "err": {},
              "uuid": "62ee56ca-230f-490d-944a-3a565c64afcd",
              "parentUUID": "a978ea08-8b4e-4d19-bf51-d87966a39ad7",
              "isHook": false,
              "skipped": false
            },
            {
              "title": "sorts items Z to A",
              "fullTitle": "Sorting - POM sorts items Z to A",
              "timedOut": null,
              "duration": 1050,
              "state": "passed",
              "speed": "fast",
              "pass": true,
              "fail": false,
              "pending": false,
              "context": null,
              "code": "inventory.sortBy(\"za\");\ninventory.assertNamesSortedZA();",
              "err": {},
              "uuid": "9a4594f4-bd96-47c8-82de-3af1b90c0228",
              "parentUUID": "a978ea08-8b4e-4d19-bf51-d87966a39ad7",
              "isHook": false,
              "skipped": false
            }
          ],
          "suites": [],
          "passes": [
            "62ee56ca-230f-490d-944a-3a565c64afcd",
            "9a4594f4-bd96-47c8-82de-3af1b90c0228"
          ],
          "failures": [],
          "pending": [],
          "skipped": [],
          "duration": 2165,
          "root": false,
          "rootEmpty": false,
          "_timeout": 2000
        }
      ],
      "passes": [],
      "failures": [],
      "pending": [],
      "skipped": [],
      "duration": 0,
      "root": true,
      "rootEmpty": true,
      "_timeout": 2000
    }
  ],
  "meta": {
    "mocha": {
      "version": "7.2.0"
    },
    "mochawesome": {
      "options": {
        "quiet": false,
        "reportFilename": "mochawesome",
        "saveHtml": false,
        "saveJson": true,
        "consoleReporter": "spec",
        "useInlineDiffs": false,
        "code": true
      },
      "version": "7.1.4"
    },
    "marge": {
      "options": {
        "reportDir": "cypress/reports/mochawesome",
        "overwrite": false,
        "html": false,
        "json": true,
        "charts": true,
        "reportPageTitle": "Cypress Test Report",
        "embeddedScreenshots": true,
        "inlineAssets": true
      },
      "version": "6.3.2"
    }
  }
}